X_N1:N502756	0.9801 	0.0099 	0.0099 	0.0001 	
X_N8:N501220	0.9801 	0.0099 	0.0099 	0.0001 	
X_N1:N501637	0.9801 	0.0099 	0.0099 	0.0001 	
X_D1:D992240	0.9801 	0.0099 	0.0099 	0.0001 	
X_D1:D1805	0.9801 	0.0099 	0.0099 	0.0001 	
X_D1:D1806	0.9801 	0.0099 	0.0099 	0.0001 	
X_D1:D1807	0.9801 	0.0099 	0.0099 	0.0001 	
X_D1:D1808	0.9801 	0.0099 	0.0099 	0.0001 	
X_D1:D1809	0.9801 	0.0099 	0.0099 	0.0001 	
X_D1:D1810	0.9801 	0.0099 	0.0099 	0.0001 	
X_D1:D1811	0.9801 	0.0099 	0.0099 	0.0001 	
X_D1:D1812	0.9801 	0.0099 	0.0099 	0.0001 	
X_D1:D1813	0.9801 	0.0099 	0.0099 	0.0001 	
X_D1:D1815	0.9801 	0.0099 	0.0099 	0.0001 	
X_D1:D1816	0.9801 	0.0099 	0.0099 	0.0001 	
X_D1:D1819	0.9801 	0.0099 	0.0099 	0.0001 	
X_D1:D1821	0.9801 	0.0099 	0.0099 	0.0001 	
X_D1:D1823	0.9801 	0.0099 	0.0099 	0.0001 	
X_D1:D1825	0.9801 	0.0099 	0.0099 	0.0001 	
X_D1:D1826	0.9801 	0.0099 	0.0099 	0.0001 	
X_D1:D1827	0.9801 	0.0099 	0.0099 	0.0001 	
X_D1:D1828	0.9801 	0.0099 	0.0099 	0.0001 	
X_D1:D1829	0.9801 	0.0099 	0.0099 	0.0001 	
X_D1:D1833	0.9801 	0.0099 	0.0099 	0.0001 	
X_D1:D1836	0.9801 	0.0099 	0.0099 	0.0001 	
X_D1:D1837	0.9801 	0.0099 	0.0099 	0.0001 	
X_D1:D1838	0.9801 	0.0099 	0.0099 	0.0001 	
X_D1:D1839	0.9801 	0.0099 	0.0099 	0.0001 	
X_D1:D1842	0.9801 	0.0099 	0.0099 	0.0001 	
X_D1:D1845	0.9801 	0.0099 	0.0099 	0.0001 	
X_D1:D1847	0.9801 	0.0099 	0.0099 	0.0001 	
X_D1:D1901	0.9801 	0.0099 	0.0099 	0.0001 	
X_D1:D1902	0.9801 	0.0099 	0.0099 	0.0001 	
X_D1:D1903	0.9801 	0.0099 	0.0099 	0.0001 	
X_D1:D1904	0.9801 	0.0099 	0.0099 	0.0001 	
X_D1:D1905	0.9801 	0.0099 	0.0099 	0.0001 	
X_D1:D1906	0.9801 	0.0099 	0.0099 	0.0001 	
X_D1:D1907	0.9801 	0.0099 	0.0099 	0.0001 	
X_D1:D1908	0.9801 	0.0099 	0.0099 	0.0001 	
X_D1:D1909	0.9801 	0.0099 	0.0099 	0.0001 	
X_D1:D1910	0.9801 	0.0099 	0.0099 	0.0001 	
X_D1:D1911	0.9801 	0.0099 	0.0099 	0.0001 	
X_D1:D1913	0.9801 	0.0099 	0.0099 	0.0001 	
X_D1:D1914	0.9801 	0.0099 	0.0099 	0.0001 	
X_D1:D1916	0.9801 	0.0099 	0.0099 	0.0001 	
X_D1:D1917	0.9801 	0.0099 	0.0099 	0.0001 	
X_D1:D1918	0.9801 	0.0099 	0.0099 	0.0001 	
X_D1:D1919	0.9801 	0.0099 	0.0099 	0.0001 	
X_D1:D1921	0.9801 	0.0099 	0.0099 	0.0001 	
X_D1:D1922	0.9801 	0.0099 	0.0099 	0.0001 	
X_D1:D1923	0.9801 	0.0099 	0.0099 	0.0001 	
X_D1:D1924	0.9801 	0.0099 	0.0099 	0.0001 	
X_D1:D1925	0.9801 	0.0099 	0.0099 	0.0001 	
X_D1:D1926	0.9801 	0.0099 	0.0099 	0.0001 	
X_D1:D1927	0.9801 	0.0099 	0.0099 	0.0001 	
X_D1:D1928	0.9801 	0.0099 	0.0099 	0.0001 	
X_D1:D1929	0.9801 	0.0099 	0.0099 	0.0001 	
X_D1:D1930	0.9801 	0.0099 	0.0099 	0.0001 	
X_D1:D1931	0.9801 	0.0099 	0.0099 	0.0001 	
X_D1:D1932	0.9801 	0.0099 	0.0099 	0.0001 	
X_D1:D1933	0.9801 	0.0099 	0.0099 	0.0001 	
X_D1:D1934	0.9801 	0.0099 	0.0099 	0.0001 	
X_D1:D1935	0.9801 	0.0099 	0.0099 	0.0001 	
X_D1:D1936	0.9801 	0.0099 	0.0099 	0.0001 	
X_D1:D2001	0.9801 	0.0099 	0.0099 	0.0001 	
X_D1:D2002	0.9801 	0.0099 	0.0099 	0.0001 	
X_D1:D2003	0.9801 	0.0099 	0.0099 	0.0001 	
X_D1:D2004	0.9801 	0.0099 	0.0099 	0.0001 	
X_D1:D2005	0.9801 	0.0099 	0.0099 	0.0001 	
X_D1:D2006	0.9801 	0.0099 	0.0099 	0.0001 	
X_D1:D2007	0.9801 	0.0099 	0.0099 	0.0001 	
X_D1:D0101	0.9801 	0.0099 	0.0099 	0.0001 	
X_D1:D0102	0.9801 	0.0099 	0.0099 	0.0001 	
X_D1:D0103	0.9801 	0.0099 	0.0099 	0.0001 	
X_D1:D0104	0.9801 	0.0099 	0.0099 	0.0001 	
X_D1:D0105	0.9801 	0.0099 	0.0099 	0.0001 	
X_D1:D0107	0.9801 	0.0099 	0.0099 	0.0001 	
X_D1:D0108	0.9801 	0.0099 	0.0099 	0.0001 	
X_D1:D0109	0.9801 	0.0099 	0.0099 	0.0001 	
X_D1:D0110	0.9801 	0.0099 	0.0099 	0.0001 	
X_D1:D0111	0.9801 	0.0099 	0.0099 	0.0001 	
X_D1:D0112	0.9801 	0.0099 	0.0099 	0.0001 	
X_D1:D0113	0.9801 	0.0099 	0.0099 	0.0001 	
X_D1:D0114	0.9801 	0.0099 	0.0099 	0.0001 	
X_D1:D0116	0.9801 	0.0099 	0.0099 	0.0001 	
X_D1:D0117	0.9801 	0.0099 	0.0099 	0.0001 	
X_D1:D0118	0.9801 	0.0099 	0.0099 	0.0001 	
X_D1:D0119	0.9801 	0.0099 	0.0099 	0.0001 	
X_D1:D0120	0.9801 	0.0099 	0.0099 	0.0001 	
X_D1:D0121	0.9801 	0.0099 	0.0099 	0.0001 	
X_D1:D0122	0.9801 	0.0099 	0.0099 	0.0001 	
X_D1:D0201	0.9801 	0.0099 	0.0099 	0.0001 	
X_D1:D0202	0.9801 	0.0099 	0.0099 	0.0001 	
X_D1:D0203	0.9801 	0.0099 	0.0099 	0.0001 	
X_D1:D0204	0.9801 	0.0099 	0.0099 	0.0001 	
X_D1:D0205	0.9801 	0.0099 	0.0099 	0.0001 	
X_D1:D0206	0.9801 	0.0099 	0.0099 	0.0001 	
X_D1:D0207	0.9801 	0.0099 	0.0099 	0.0001 	
X_D1:D0208	0.9801 	0.0099 	0.0099 	0.0001 	
X_D1:D0209	0.9801 	0.0099 	0.0099 	0.0001 	
X_D1:D0210	0.9801 	0.0099 	0.0099 	0.0001 	
X_D1:D0211	0.9801 	0.0099 	0.0099 	0.0001 	
X_D1:D0212	0.9801 	0.0099 	0.0099 	0.0001 	
X_D1:D0213	0.9801 	0.0099 	0.0099 	0.0001 	
X_D1:D0214	0.9801 	0.0099 	0.0099 	0.0001 	
X_D1:D0215	0.9801 	0.0099 	0.0099 	0.0001 	
X_D1:D0216	0.9801 	0.0099 	0.0099 	0.0001 	
X_D1:D0217	0.9801 	0.0099 	0.0099 	0.0001 	
X_D1:D0218	0.9801 	0.0099 	0.0099 	0.0001 	
X_D1:D0219	0.980719 	0.00928125 	0.00928125 	0.00071875 	
X_D1:D0220	0.9801 	0.0099 	0.0099 	0.0001 	
X_D1:D0221	0.980719 	0.00928125 	0.00928125 	0.00071875 	
X_D1:D0223	0.980719 	0.00928125 	0.00928125 	0.00071875 	
X_D1:D0224	0.9801 	0.0099 	0.0099 	0.0001 	
X_D1:D0225	0.980719 	0.00928125 	0.00928125 	0.00071875 	
X_D1:D0226	0.9801 	0.0099 	0.0099 	0.0001 	
X_D1:D0227	0.9801 	0.0099 	0.0099 	0.0001 	
X_D1:D0301	0.9801 	0.0099 	0.0099 	0.0001 	
X_D1:D0302	0.9801 	0.0099 	0.0099 	0.0001 	
X_D1:D0303	0.9801 	0.0099 	0.0099 	0.0001 	
X_D1:D0304	0.9801 	0.0099 	0.0099 	0.0001 	
X_D1:D0305	0.9801 	0.0099 	0.0099 	0.0001 	
X_D1:D0306	0.9801 	0.0099 	0.0099 	0.0001 	
X_D1:D0307	0.9801 	0.0099 	0.0099 	0.0001 	
X_D1:D0308	0.9801 	0.0099 	0.0099 	0.0001 	
X_D1:D0309	0.9801 	0.0099 	0.0099 	0.0001 	
X_D1:D0311	0.9801 	0.0099 	0.0099 	0.0001 	
X_D1:D0312	0.9801 	0.0099 	0.0099 	0.0001 	
X_D1:D0313	0.9801 	0.0099 	0.0099 	0.0001 	
X_D1:D0314	0.9801 	0.0099 	0.0099 	0.0001 	
X_D1:D0315	0.9801 	0.0099 	0.0099 	0.0001 	
X_D1:D0316	0.9801 	0.0099 	0.0099 	0.0001 	
X_D1:D0317	0.9801 	0.0099 	0.0099 	0.0001 	
X_D1:D0318	0.9801 	0.0099 	0.0099 	0.0001 	
X_D1:D0319	0.9801 	0.0099 	0.0099 	0.0001 	
X_D1:D0320	0.9801 	0.0099 	0.0099 	0.0001 	
X_D1:D0321	0.9801 	0.0099 	0.0099 	0.0001 	
X_D1:D0322	0.9801 	0.0099 	0.0099 	0.0001 	
X_D1:D0323	0.9801 	0.0099 	0.0099 	0.0001 	
X_D1:D0324	0.9801 	0.0099 	0.0099 	0.0001 	
X_D1:D0325	0.9801 	0.0099 	0.0099 	0.0001 	
X_D1:D0326	0.9801 	0.0099 	0.0099 	0.0001 	
X_D1:D0327	0.9801 	0.0099 	0.0099 	0.0001 	
X_D1:D0328	0.9801 	0.0099 	0.0099 	0.0001 	
X_D1:D0329	0.9801 	0.0099 	0.0099 	0.0001 	
X_D1:D0330	0.9801 	0.0099 	0.0099 	0.0001 	
X_D1:D0401	0.9801 	0.0099 	0.0099 	0.0001 	
X_D1:D0402	0.9801 	0.0099 	0.0099 	0.0001 	
X_D1:D0403	0.9801 	0.0099 	0.0099 	0.0001 	
X_D1:D0404	0.9801 	0.0099 	0.0099 	0.0001 	
X_D1:D0405	0.9801 	0.0099 	0.0099 	0.0001 	
X_D1:D0406	0.9801 	0.0099 	0.0099 	0.0001 	
X_D1:D0407	0.9801 	0.0099 	0.0099 	0.0001 	
X_D1:D0408	0.9801 	0.0099 	0.0099 	0.0001 	
X_D1:D0409	0.9801 	0.0099 	0.0099 	0.0001 	
X_D1:D0410	0.9801 	0.0099 	0.0099 	0.0001 	
X_D1:D0411	0.9801 	0.0099 	0.0099 	0.0001 	
X_D1:D0412	0.9801 	0.0099 	0.0099 	0.0001 	
X_D1:D0413	0.9801 	0.0099 	0.0099 	0.0001 	
X_D1:D0414	0.9801 	0.0099 	0.0099 	0.0001 	
X_D1:D0415	0.9801 	0.0099 	0.0099 	0.0001 	
X_D1:D0416	0.9801 	0.0099 	0.0099 	0.0001 	
X_D1:D0417	0.9801 	0.0099 	0.0099 	0.0001 	
X_D1:D0418	0.9801 	0.0099 	0.0099 	0.0001 	
X_D1:D0419	0.9801 	0.0099 	0.0099 	0.0001 	
X_D1:D0420	0.9801 	0.0099 	0.0099 	0.0001 	
X_D1:D0421	0.9801 	0.0099 	0.0099 	0.0001 	
X_D1:D0422	0.9801 	0.0099 	0.0099 	0.0001 	
X_D1:D0423	0.9801 	0.0099 	0.0099 	0.0001 	
X_D1:D0501	0.9801 	0.0099 	0.0099 	0.0001 	
X_D1:D0502	0.9801 	0.0099 	0.0099 	0.0001 	
X_D1:D0503	0.9801 	0.0099 	0.0099 	0.0001 	
X_D1:D0504	0.9801 	0.0099 	0.0099 	0.0001 	
X_D1:D0505	0.9801 	0.0099 	0.0099 	0.0001 	
X_D1:D0506	0.9801 	0.0099 	0.0099 	0.0001 	
X_D1:D0507	0.9801 	0.0099 	0.0099 	0.0001 	
X_D1:D0508	0.9801 	0.0099 	0.0099 	0.0001 	
X_D1:D0509	0.9801 	0.0099 	0.0099 	0.0001 	
X_D1:D0510	0.9801 	0.0099 	0.0099 	0.0001 	
X_D1:D0511	0.9801 	0.0099 	0.0099 	0.0001 	
X_D1:D0512	0.9801 	0.0099 	0.0099 	0.0001 	
X_D1:D0513	0.9801 	0.0099 	0.0099 	0.0001 	
X_D1:D0514	0.9801 	0.0099 	0.0099 	0.0001 	
X_D1:D0601	0.9801 	0.0099 	0.0099 	0.0001 	
X_D1:D0602	0.9801 	0.0099 	0.0099 	0.0001 	
X_D1:D0603	0.9801 	0.0099 	0.0099 	0.0001 	
X_D1:D0604	0.9801 	0.0099 	0.0099 	0.0001 	
X_D1:D0605	0.9801 	0.0099 	0.0099 	0.0001 	
X_D1:D0606	0.9801 	0.0099 	0.0099 	0.0001 	
X_D1:D0607	0.9801 	0.0099 	0.0099 	0.0001 	
X_D1:D0608	0.9801 	0.0099 	0.0099 	0.0001 	
X_D1:D0610	0.9801 	0.0099 	0.0099 	0.0001 	
X_D1:D0611	0.9801 	0.0099 	0.0099 	0.0001 	
X_D1:D0613	0.9801 	0.0099 	0.0099 	0.0001 	
X_D1:D0614	0.9801 	0.0099 	0.0099 	0.0001 	
X_D1:D0615	0.9801 	0.0099 	0.0099 	0.0001 	
X_D1:D0616	0.9801 	0.0099 	0.0099 	0.0001 	
X_D1:D0617	0.9801 	0.0099 	0.0099 	0.0001 	
X_D1:D0618	0.9801 	0.0099 	0.0099 	0.0001 	
X_D1:D0624	0.9801 	0.0099 	0.0099 	0.0001 	
X_D1:D0625	0.9801 	0.0099 	0.0099 	0.0001 	
X_D1:D0626	0.9801 	0.0099 	0.0099 	0.0001 	
X_D1:D0627	0.9801 	0.0099 	0.0099 	0.0001 	
X_D1:D0701	0.9801 	0.0099 	0.0099 	0.0001 	
X_D1:D0702	0.9801 	0.0099 	0.0099 	0.0001 	
X_D1:D0703	0.9801 	0.0099 	0.0099 	0.0001 	
X_D1:D0704	0.9801 	0.0099 	0.0099 	0.0001 	
X_D1:D0705	0.9801 	0.0099 	0.0099 	0.0001 	
X_D1:D0706	0.9801 	0.0099 	0.0099 	0.0001 	
X_D1:D0707	0.9801 	0.0099 	0.0099 	0.0001 	
X_D1:D0708	0.9801 	0.0099 	0.0099 	0.0001 	
X_D1:D0709	0.9801 	0.0099 	0.0099 	0.0001 	
X_D1:D0710	0.9801 	0.0099 	0.0099 	0.0001 	
X_D1:D0711	0.9801 	0.0099 	0.0099 	0.0001 	
X_D1:D0712	0.9801 	0.0099 	0.0099 	0.0001 	
X_D1:D0713	0.9801 	0.0099 	0.0099 	0.0001 	
X_D1:D0714	0.9801 	0.0099 	0.0099 	0.0001 	
X_D1:D0716	0.9801 	0.0099 	0.0099 	0.0001 	
X_D1:D0717	0.9801 	0.0099 	0.0099 	0.0001 	
X_D1:D0718	0.9801 	0.0099 	0.0099 	0.0001 	
X_D1:D0805	0.9801 	0.0099 	0.0099 	0.0001 	
X_D1:D0808	0.9801 	0.0099 	0.0099 	0.0001 	
X_D1:D0809	0.9801 	0.0099 	0.0099 	0.0001 	
X_D1:D0810	0.9801 	0.0099 	0.0099 	0.0001 	
X_D1:D0813	0.9801 	0.0099 	0.0099 	0.0001 	
X_D1:D0814	0.9801 	0.0099 	0.0099 	0.0001 	
X_D1:D0815	0.9801 	0.0099 	0.0099 	0.0001 	
X_D1:D0817	0.9801 	0.0099 	0.0099 	0.0001 	
X_D1:D0821	0.9801 	0.0099 	0.0099 	0.0001 	
X_D1:D0822	0.9801 	0.0099 	0.0099 	0.0001 	
X_D1:D0823	0.9801 	0.0099 	0.0099 	0.0001 	
X_D1:D0824	0.9801 	0.0099 	0.0099 	0.0001 	
X_D1:D0825	0.9801 	0.0099 	0.0099 	0.0001 	
X_D1:D0826	0.9801 	0.0099 	0.0099 	0.0001 	
X_D1:D0828	0.9801 	0.0099 	0.0099 	0.0001 	
X_D1:D0829	0.9801 	0.0099 	0.0099 	0.0001 	
X_D1:D0901	0.9801 	0.0099 	0.0099 	0.0001 	
X_D1:D0902	0.9801 	0.0099 	0.0099 	0.0001 	
X_D1:D0903	0.9801 	0.0099 	0.0099 	0.0001 	
X_D1:D0904	0.9801 	0.0099 	0.0099 	0.0001 	
X_D1:D0905	0.9801 	0.0099 	0.0099 	0.0001 	
X_D1:D0906	0.9801 	0.0099 	0.0099 	0.0001 	
X_D1:D0907	0.9801 	0.0099 	0.0099 	0.0001 	
X_D1:D0909	0.9801 	0.0099 	0.0099 	0.0001 	
X_D1:D0910	0.9801 	0.0099 	0.0099 	0.0001 	
X_D1:D0911	0.9801 	0.0099 	0.0099 	0.0001 	
X_D1:D0912	0.9801 	0.0099 	0.0099 	0.0001 	
X_D1:D0913	0.9801 	0.0099 	0.0099 	0.0001 	
X_D1:D0914	0.9801 	0.0099 	0.0099 	0.0001 	
X_D1:D0915	0.9801 	0.0099 	0.0099 	0.0001 	
X_D1:D0916	0.9801 	0.0099 	0.0099 	0.0001 	
X_D1:D1001	0.9801 	0.0099 	0.0099 	0.0001 	
X_D1:D1002	0.9801 	0.0099 	0.0099 	0.0001 	
X_D1:D1003	0.9801 	0.0099 	0.0099 	0.0001 	
X_D1:D1004	0.9801 	0.0099 	0.0099 	0.0001 	
X_D1:D1005	0.9801 	0.0099 	0.0099 	0.0001 	
X_D1:D1007	0.9801 	0.0099 	0.0099 	0.0001 	
X_D1:D1008	0.9801 	0.0099 	0.0099 	0.0001 	
X_D1:D1009	0.9801 	0.0099 	0.0099 	0.0001 	
X_D1:D1010	0.9801 	0.0099 	0.0099 	0.0001 	
X_D1:D1011	0.9801 	0.0099 	0.0099 	0.0001 	
X_D1:D1012	0.9801 	0.0099 	0.0099 	0.0001 	
X_D1:D1101	0.9801 	0.0099 	0.0099 	0.0001 	
X_D1:D1102	0.9801 	0.0099 	0.0099 	0.0001 	
X_D1:D1103	0.9801 	0.0099 	0.0099 	0.0001 	
X_D1:D1104	0.9801 	0.0099 	0.0099 	0.0001 	
X_D1:D1105	0.9801 	0.0099 	0.0099 	0.0001 	
X_D1:D1106	0.9801 	0.0099 	0.0099 	0.0001 	
X_D1:D1107	0.9801 	0.0099 	0.0099 	0.0001 	
X_D1:D1108	0.9801 	0.0099 	0.0099 	0.0001 	
X_D1:D1109	0.9801 	0.0099 	0.0099 	0.0001 	
X_D1:D1110	0.9801 	0.0099 	0.0099 	0.0001 	
X_D1:D1111	0.9801 	0.0099 	0.0099 	0.0001 	
X_D1:D1112	0.9801 	0.0099 	0.0099 	0.0001 	
X_D1:D1113	0.9801 	0.0099 	0.0099 	0.0001 	
X_D1:D1114	0.9801 	0.0099 	0.0099 	0.0001 	
X_D1:D1115	0.9801 	0.0099 	0.0099 	0.0001 	
X_D1:D1117	0.9801 	0.0099 	0.0099 	0.0001 	
X_D1:D1118	0.9801 	0.0099 	0.0099 	0.0001 	
X_D1:D1120	0.9801 	0.0099 	0.0099 	0.0001 	
X_D1:D1122	0.9801 	0.0099 	0.0099 	0.0001 	
X_D1:D1123	0.9801 	0.0099 	0.0099 	0.0001 	
X_D1:D1124	0.9801 	0.0099 	0.0099 	0.0001 	
X_D1:D1126	0.9801 	0.0099 	0.0099 	0.0001 	
X_D1:D1127	0.9801 	0.0099 	0.0099 	0.0001 	
X_D1:D1128	0.9801 	0.0099 	0.0099 	0.0001 	
X_D1:D1129	0.9801 	0.0099 	0.0099 	0.0001 	
X_D1:D1130	0.9801 	0.0099 	0.0099 	0.0001 	
X_D1:D1131	0.9801 	0.0099 	0.0099 	0.0001 	
X_D1:D1132	0.9801 	0.0099 	0.0099 	0.0001 	
X_D1:D1133	0.9801 	0.0099 	0.0099 	0.0001 	
X_D1:D1134	0.9801 	0.0099 	0.0099 	0.0001 	
X_D1:D1135	0.9801 	0.0099 	0.0099 	0.0001 	
X_D1:D1201	0.9801 	0.0099 	0.0099 	0.0001 	
X_D1:D1202	0.9801 	0.0099 	0.0099 	0.0001 	
X_D1:D1203	0.9801 	0.0099 	0.0099 	0.0001 	
X_D1:D1204	0.9801 	0.0099 	0.0099 	0.0001 	
X_D1:D1205	0.9801 	0.0099 	0.0099 	0.0001 	
X_D1:D1206	0.9801 	0.0099 	0.0099 	0.0001 	
X_D1:D1207	0.9801 	0.0099 	0.0099 	0.0001 	
X_D1:D1208	0.9801 	0.0099 	0.0099 	0.0001 	
X_D1:D1209	0.9801 	0.0099 	0.0099 	0.0001 	
X_D1:D1210	0.9801 	0.0099 	0.0099 	0.0001 	
X_D1:D1211	0.9801 	0.0099 	0.0099 	0.0001 	
X_D1:D1212	0.9801 	0.0099 	0.0099 	0.0001 	
X_D1:D1214	0.9801 	0.0099 	0.0099 	0.0001 	
X_D1:D1215	0.9801 	0.0099 	0.0099 	0.0001 	
X_D1:D1218	0.9801 	0.0099 	0.0099 	0.0001 	
X_D1:D1219	0.9801 	0.0099 	0.0099 	0.0001 	
X_D1:D1220	0.9801 	0.0099 	0.0099 	0.0001 	
X_D1:D1221	0.9801 	0.0099 	0.0099 	0.0001 	
X_D1:D1222	0.9801 	0.0099 	0.0099 	0.0001 	
X_D1:D1223	0.9801 	0.0099 	0.0099 	0.0001 	
X_D1:D1224	0.9801 	0.0099 	0.0099 	0.0001 	
X_D1:D1225	0.9801 	0.0099 	0.0099 	0.0001 	
X_D1:D1226	0.9801 	0.0099 	0.0099 	0.0001 	
X_D1:D1227	0.9801 	0.0099 	0.0099 	0.0001 	
X_D1:D1228	0.9801 	0.0099 	0.0099 	0.0001 	
X_D1:D1301	0.9801 	0.0099 	0.0099 	0.0001 	
X_D1:D1302	0.9801 	0.0099 	0.0099 	0.0001 	
X_D1:D1303	0.9801 	0.0099 	0.0099 	0.0001 	
X_D1:D1304	0.9801 	0.0099 	0.0099 	0.0001 	
X_D1:D1305	0.9801 	0.0099 	0.0099 	0.0001 	
X_D1:D1306	0.9801 	0.0099 	0.0099 	0.0001 	
X_D1:D1307	0.9801 	0.0099 	0.0099 	0.0001 	
X_D1:D1308	0.9801 	0.0099 	0.0099 	0.0001 	
X_D1:D1310	0.9801 	0.0099 	0.0099 	0.0001 	
X_D1:D1311	0.9801 	0.0099 	0.0099 	0.0001 	
X_D1:D1312	0.9801 	0.0099 	0.0099 	0.0001 	
X_D1:D1313	0.9801 	0.0099 	0.0099 	0.0001 	
X_D1:D1314	0.9801 	0.0099 	0.0099 	0.0001 	
X_D1:D1315	0.9801 	0.0099 	0.0099 	0.0001 	
X_D1:D1401	0.9801 	0.0099 	0.0099 	0.0001 	
X_D1:D1402	0.9801 	0.0099 	0.0099 	0.0001 	
X_D1:D1403	0.9801 	0.0099 	0.0099 	0.0001 	
X_D1:D1404	0.9801 	0.0099 	0.0099 	0.0001 	
X_D1:D1405	0.9801 	0.0099 	0.0099 	0.0001 	
X_D1:D1406	0.9801 	0.0099 	0.0099 	0.0001 	
X_D1:D1407	0.9801 	0.0099 	0.0099 	0.0001 	
X_D1:D1408	0.9801 	0.0099 	0.0099 	0.0001 	
X_D1:D1409	0.9801 	0.0099 	0.0099 	0.0001 	
X_D1:D1410	0.9801 	0.0099 	0.0099 	0.0001 	
X_D1:D1411	0.9801 	0.0099 	0.0099 	0.0001 	
X_D1:D1412	0.9801 	0.0099 	0.0099 	0.0001 	
X_D1:D1413	0.9801 	0.0099 	0.0099 	0.0001 	
X_D1:D1414	0.9801 	0.0099 	0.0099 	0.0001 	
X_D1:D1415	0.9801 	0.0099 	0.0099 	0.0001 	
X_D1:D1416	0.9801 	0.0099 	0.0099 	0.0001 	
X_D1:D1417	0.9801 	0.0099 	0.0099 	0.0001 	
X_D1:D1418	0.9801 	0.0099 	0.0099 	0.0001 	
X_D1:D1419	0.9801 	0.0099 	0.0099 	0.0001 	
X_D1:D1420	0.9801 	0.0099 	0.0099 	0.0001 	
X_D1:D1421	0.9801 	0.0099 	0.0099 	0.0001 	
X_D1:D1422	0.9801 	0.0099 	0.0099 	0.0001 	
X_D1:D1428	0.9801 	0.0099 	0.0099 	0.0001 	
X_D1:D1429	0.9801 	0.0099 	0.0099 	0.0001 	
X_D1:D1431	0.9801 	0.0099 	0.0099 	0.0001 	
X_D1:D1432	0.9801 	0.0099 	0.0099 	0.0001 	
X_D1:D1434	0.980719 	0.00928125 	0.00928125 	0.00071875 	
X_D1:D1435	0.9801 	0.0099 	0.0099 	0.0001 	
X_D1:D1436	0.9801 	0.0099 	0.0099 	0.0001 	
X_D1:D1438	0.9801 	0.0099 	0.0099 	0.0001 	
X_D1:D1439	0.9801 	0.0099 	0.0099 	0.0001 	
X_D1:D1440	0.9801 	0.0099 	0.0099 	0.0001 	
X_D1:D1442	0.9801 	0.0099 	0.0099 	0.0001 	
X_D1:D1443	0.9801 	0.0099 	0.0099 	0.0001 	
X_D1:D1444	0.9801 	0.0099 	0.0099 	0.0001 	
X_D1:D1445	0.9801 	0.0099 	0.0099 	0.0001 	
X_D1:D1446	0.9801 	0.0099 	0.0099 	0.0001 	
X_D1:D1447	0.9801 	0.0099 	0.0099 	0.0001 	
X_D1:D1448	0.9801 	0.0099 	0.0099 	0.0001 	
X_D1:D1450	0.9801 	0.0099 	0.0099 	0.0001 	
X_D1:D1451	0.9801 	0.0099 	0.0099 	0.0001 	
X_D1:D1452	0.9801 	0.0099 	0.0099 	0.0001 	
X_D1:D1453	0.9801 	0.0099 	0.0099 	0.0001 	
X_D1:D1454	0.9801 	0.0099 	0.0099 	0.0001 	
X_D1:D1455	0.9801 	0.0099 	0.0099 	0.0001 	
X_D1:D1456	0.9801 	0.0099 	0.0099 	0.0001 	
X_D1:D1457	0.9801 	0.0099 	0.0099 	0.0001 	
X_D1:D1458	0.9801 	0.0099 	0.0099 	0.0001 	
X_D1:D1459	0.9801 	0.0099 	0.0099 	0.0001 	
X_D1:D1501	0.9801 	0.0099 	0.0099 	0.0001 	
X_D1:D1502	0.9801 	0.0099 	0.0099 	0.0001 	
X_D1:D1503	0.9801 	0.0099 	0.0099 	0.0001 	
X_D1:D1504	0.9801 	0.0099 	0.0099 	0.0001 	
X_D1:D1505	0.9801 	0.0099 	0.0099 	0.0001 	
X_D1:D1506	0.9801 	0.0099 	0.0099 	0.0001 	
X_D1:D1507	0.9801 	0.0099 	0.0099 	0.0001 	
X_D1:D1508	0.9801 	0.0099 	0.0099 	0.0001 	
X_D1:D1509	0.9801 	0.0099 	0.0099 	0.0001 	
X_D1:D1510	0.9801 	0.0099 	0.0099 	0.0001 	
X_D1:D1511	0.9801 	0.0099 	0.0099 	0.0001 	
X_D1:D1512	0.9801 	0.0099 	0.0099 	0.0001 	
X_D1:D1513	0.9801 	0.0099 	0.0099 	0.0001 	
X_D1:D1514	0.9801 	0.0099 	0.0099 	0.0001 	
X_D1:D1515	0.9801 	0.0099 	0.0099 	0.0001 	
X_D1:D1516	0.9801 	0.0099 	0.0099 	0.0001 	
X_D1:D1518	0.9801 	0.0099 	0.0099 	0.0001 	
X_D1:D1519	0.9801 	0.0099 	0.0099 	0.0001 	
X_D1:D1520	0.9801 	0.0099 	0.0099 	0.0001 	
X_D1:D1521	0.9801 	0.0099 	0.0099 	0.0001 	
X_D1:D1522	0.9801 	0.0099 	0.0099 	0.0001 	
X_D1:D1523	0.9801 	0.0099 	0.0099 	0.0001 	
X_D1:D1524	0.9801 	0.0099 	0.0099 	0.0001 	
X_D1:D1526	0.9801 	0.0099 	0.0099 	0.0001 	
X_D1:D1527	0.9801 	0.0099 	0.0099 	0.0001 	
X_D1:D1528	0.9801 	0.0099 	0.0099 	0.0001 	
X_D1:D1529	0.9801 	0.0099 	0.0099 	0.0001 	
X_D1:D1530	0.9801 	0.0099 	0.0099 	0.0001 	
X_D1:D1531	0.9801 	0.0099 	0.0099 	0.0001 	
X_D1:D1532	0.9801 	0.0099 	0.0099 	0.0001 	
X_D1:D1533	0.9801 	0.0099 	0.0099 	0.0001 	
X_D1:D1601	0.9801 	0.0099 	0.0099 	0.0001 	
X_D1:D1602	0.9801 	0.0099 	0.0099 	0.0001 	
X_D1:D1603	0.9801 	0.0099 	0.0099 	0.0001 	
X_D1:D1604	0.9801 	0.0099 	0.0099 	0.0001 	
X_D1:D1605	0.9801 	0.0099 	0.0099 	0.0001 	
X_D1:D1606	0.9801 	0.0099 	0.0099 	0.0001 	
X_D1:D1607	0.9801 	0.0099 	0.0099 	0.0001 	
X_D1:D1608	0.9801 	0.0099 	0.0099 	0.0001 	
X_D1:D1609	0.9801 	0.0099 	0.0099 	0.0001 	
X_D1:D1610	0.9801 	0.0099 	0.0099 	0.0001 	
X_D1:D1611	0.9801 	0.0099 	0.0099 	0.0001 	
X_D1:D1612	0.9801 	0.0099 	0.0099 	0.0001 	
X_D1:D1614	0.9801 	0.0099 	0.0099 	0.0001 	
X_D1:D1615	0.9801 	0.0099 	0.0099 	0.0001 	
X_D1:D1618	0.9801 	0.0099 	0.0099 	0.0001 	
X_D1:D1622	0.9801 	0.0099 	0.0099 	0.0001 	
X_D1:D1623	0.9801 	0.0099 	0.0099 	0.0001 	
X_D1:D1624	0.9801 	0.0099 	0.0099 	0.0001 	
X_D1:D1625	0.9801 	0.0099 	0.0099 	0.0001 	
X_D1:D1626	0.9801 	0.0099 	0.0099 	0.0001 	
X_D1:D1630	0.9801 	0.0099 	0.0099 	0.0001 	
X_D1:D1631	0.9801 	0.0099 	0.0099 	0.0001 	
X_D1:D1632	0.9801 	0.0099 	0.0099 	0.0001 	
X_D1:D1633	0.9801 	0.0099 	0.0099 	0.0001 	
X_D1:D1636	0.9801 	0.0099 	0.0099 	0.0001 	
X_D1:D1637	0.9801 	0.0099 	0.0099 	0.0001 	
X_D1:D1638	0.9801 	0.0099 	0.0099 	0.0001 	
X_D1:D1639	0.9801 	0.0099 	0.0099 	0.0001 	
X_D1:D1642	0.9801 	0.0099 	0.0099 	0.0001 	
X_D1:D1643	0.9801 	0.0099 	0.0099 	0.0001 	
X_D1:D1645	0.9801 	0.0099 	0.0099 	0.0001 	
X_D1:D1646	0.9801 	0.0099 	0.0099 	0.0001 	
X_D1:D1647	0.9801 	0.0099 	0.0099 	0.0001 	
X_D1:D1648	0.9801 	0.0099 	0.0099 	0.0001 	
X_D1:D1649	0.9801 	0.0099 	0.0099 	0.0001 	
X_D1:D1650	0.9801 	0.0099 	0.0099 	0.0001 	
X_D1:D1651	0.9801 	0.0099 	0.0099 	0.0001 	
X_D1:D1701	0.9801 	0.0099 	0.0099 	0.0001 	
X_D1:D1706	0.9801 	0.0099 	0.0099 	0.0001 	
X_D1:D1707	0.9801 	0.0099 	0.0099 	0.0001 	
X_D1:D1708	0.9801 	0.0099 	0.0099 	0.0001 	
X_D1:D1709	0.9801 	0.0099 	0.0099 	0.0001 	
X_D1:D1710	0.9801 	0.0099 	0.0099 	0.0001 	
X_D1:D1711	0.9801 	0.0099 	0.0099 	0.0001 	
X_D1:D1712	0.9801 	0.0099 	0.0099 	0.0001 	
X_D1:D1713	0.9801 	0.0099 	0.0099 	0.0001 	
X_D1:D1714	0.9801 	0.0099 	0.0099 	0.0001 	
X_D1:D1716	0.9801 	0.0099 	0.0099 	0.0001 	
X_D1:D1717	0.9801 	0.0099 	0.0099 	0.0001 	
X_D1:D1718	0.9801 	0.0099 	0.0099 	0.0001 	
X_D1:D1719	0.9801 	0.0099 	0.0099 	0.0001 	
X_D1:D1720	0.9801 	0.0099 	0.0099 	0.0001 	
X_D1:D1721	0.9801 	0.0099 	0.0099 	0.0001 	
X_D1:D1723	0.9801 	0.0099 	0.0099 	0.0001 	
X_D1:D1801	0.9801 	0.0099 	0.0099 	0.0001 	
X_D1:D1802	0.9801 	0.0099 	0.0099 	0.0001 	
X_D1:D1803	0.9801 	0.0099 	0.0099 	0.0001 	
X_D1:D1804	0.9801 	0.0099 	0.0099 	0.0001 	
X_D1:D2011	0.9801 	0.0099 	0.0099 	0.0001 	
X_D1:D2014	0.9801 	0.0099 	0.0099 	0.0001 	
X_D1:D2017	0.9801 	0.0099 	0.0099 	0.0001 	
X_D1:D2018	0.9801 	0.0099 	0.0099 	0.0001 	
X_D1:D2019	0.9801 	0.0099 	0.0099 	0.0001 	
X_D1:D2020	0.9801 	0.0099 	0.0099 	0.0001 	
X_D1:D2201	0.9801 	0.0099 	0.0099 	0.0001 	
X_D1:D2202	0.9801 	0.0099 	0.0099 	0.0001 	
X_D1:D2203	0.9801 	0.0099 	0.0099 	0.0001 	
X_D1:D2204	0.9801 	0.0099 	0.0099 	0.0001 	
X_D1:D2205	0.9801 	0.0099 	0.0099 	0.0001 	
X_D1:D2206	0.9801 	0.0099 	0.0099 	0.0001 	
X_D1:D2207	0.9801 	0.0099 	0.0099 	0.0001 	
X_D1:D2208	0.9801 	0.0099 	0.0099 	0.0001 	
X_D1:D2209	0.9801 	0.0099 	0.0099 	0.0001 	
X_D1:D2210	0.9801 	0.0099 	0.0099 	0.0001 	
X_D1:D2212	0.9801 	0.0099 	0.0099 	0.0001 	
X_D1:D2214	0.9801 	0.0099 	0.0099 	0.0001 	
X_D1:D2215	0.9801 	0.0099 	0.0099 	0.0001 	
X_D1:D2218	0.9801 	0.0099 	0.0099 	0.0001 	
X_D1:D2220	0.9801 	0.0099 	0.0099 	0.0001 	
X_D1:D2222	0.9801 	0.0099 	0.0099 	0.0001 	
X_D1:D2223	0.9801 	0.0099 	0.0099 	0.0001 	
X_D1:D2224	0.9801 	0.0099 	0.0099 	0.0001 	
X_D1:D2225	0.9801 	0.0099 	0.0099 	0.0001 	
X_D1:D2226	0.9801 	0.0099 	0.0099 	0.0001 	
X_D1:D2228	0.9801 	0.0099 	0.0099 	0.0001 	
X_D1:D2229	0.9801 	0.0099 	0.0099 	0.0001 	
X_D1:D2230	0.9801 	0.0099 	0.0099 	0.0001 	
X_D1:D2233	0.9801 	0.0099 	0.0099 	0.0001 	
X_D1:D2234	0.9801 	0.0099 	0.0099 	0.0001 	
X_D1:D2236	0.9801 	0.0099 	0.0099 	0.0001 	
X_D1:D2237	0.9801 	0.0099 	0.0099 	0.0001 	
X_D1:D2238	0.9801 	0.0099 	0.0099 	0.0001 	
X_D1:D2240	0.9801 	0.0099 	0.0099 	0.0001 	
X_D1:D2241	0.9801 	0.0099 	0.0099 	0.0001 	
X_D1:D2805	0.9801 	0.0099 	0.0099 	0.0001 	
X_D1:D2242	0.9801 	0.0099 	0.0099 	0.0001 	
X_D1:D2706	0.9801 	0.0099 	0.0099 	0.0001 	
X_D1:D2708	0.9801 	0.0099 	0.0099 	0.0001 	
X_D1:D2709	0.9801 	0.0099 	0.0099 	0.0001 	
X_D1:D2710	0.9801 	0.0099 	0.0099 	0.0001 	
X_D1:D2815	0.9801 	0.0099 	0.0099 	0.0001 	
X_D1:D2901	0.9801 	0.0099 	0.0099 	0.0001 	
X_D1:D2902	0.9801 	0.0099 	0.0099 	0.0001 	
X_D1:D2903	0.9801 	0.0099 	0.0099 	0.0001 	
X_D1:D2904	0.9801 	0.0099 	0.0099 	0.0001 	
X_D1:D2905	0.9801 	0.0099 	0.0099 	0.0001 	
X_D1:D2906	0.9801 	0.0099 	0.0099 	0.0001 	
X_D1:D2908	0.9801 	0.0099 	0.0099 	0.0001 	
X_D1:D2909	0.9801 	0.0099 	0.0099 	0.0001 	
X_D1:D2911	0.9801 	0.0099 	0.0099 	0.0001 	
X_D1:D2406	0.9801 	0.0099 	0.0099 	0.0001 	
X_D1:D3001	0.9801 	0.0099 	0.0099 	0.0001 	
X_D1:D3002	0.9801 	0.0099 	0.0099 	0.0001 	
X_D1:D3003	0.9801 	0.0099 	0.0099 	0.0001 	
X_D1:D3004	0.9801 	0.0099 	0.0099 	0.0001 	
X_D1:D3005	0.9801 	0.0099 	0.0099 	0.0001 	
X_D1:D3006	0.9801 	0.0099 	0.0099 	0.0001 	
X_D1:D3101	0.9801 	0.0099 	0.0099 	0.0001 	
X_D1:D3102	0.9801 	0.0099 	0.0099 	0.0001 	
X_D1:D3103	0.9801 	0.0099 	0.0099 	0.0001 	
X_D1:D3104	0.9801 	0.0099 	0.0099 	0.0001 	
X_D1:D3105	0.9801 	0.0099 	0.0099 	0.0001 	
X_D1:D3106	0.9801 	0.0099 	0.0099 	0.0001 	
X_D1:D3107	0.9801 	0.0099 	0.0099 	0.0001 	
X_D1:D3108	0.9801 	0.0099 	0.0099 	0.0001 	
X_D1:D3510	0.9801 	0.0099 	0.0099 	0.0001 	
X_D1:D99006	0.9801 	0.0099 	0.0099 	0.0001 	
X_D1:D99007	0.9801 	0.0099 	0.0099 	0.0001 	
X_D1:D99008	0.9801 	0.0099 	0.0099 	0.0001 	
X_D1:D99009	0.9801 	0.0099 	0.0099 	0.0001 	
X_D1:D99010	0.9801 	0.0099 	0.0099 	0.0001 	
X_D1:D99011	0.9801 	0.0099 	0.0099 	0.0001 	
X_D1:D990122	0.9801 	0.0099 	0.0099 	0.0001 	
X_D1:D990209	0.9801 	0.0099 	0.0099 	0.0001 	
X_D1:D99022	0.9801 	0.0099 	0.0099 	0.0001 	
X_D1:D99023	0.9801 	0.0099 	0.0099 	0.0001 	
X_D1:D99024	0.9801 	0.0099 	0.0099 	0.0001 	
X_D1:D99025	0.9801 	0.0099 	0.0099 	0.0001 	
X_D1:D99026	0.9801 	0.0099 	0.0099 	0.0001 	
X_D1:D99027	0.9801 	0.0099 	0.0099 	0.0001 	
X_D1:D99028	0.9801 	0.0099 	0.0099 	0.0001 	
X_D1:D99029	0.9801 	0.0099 	0.0099 	0.0001 	
X_D1:D99030	0.9801 	0.0099 	0.0099 	0.0001 	
X_D1:D990301	0.9801 	0.0099 	0.0099 	0.0001 	
X_D1:D990303	0.9801 	0.0099 	0.0099 	0.0001 	
X_D1:D990304	0.9801 	0.0099 	0.0099 	0.0001 	
X_D1:D990306	0.9801 	0.0099 	0.0099 	0.0001 	
X_D1:D99031	0.9801 	0.0099 	0.0099 	0.0001 	
X_D1:D990312	0.9801 	0.0099 	0.0099 	0.0001 	
X_D1:D99032	0.9801 	0.0099 	0.0099 	0.0001 	
X_D1:D990322	0.9801 	0.0099 	0.0099 	0.0001 	
X_D1:D990323	0.9801 	0.0099 	0.0099 	0.0001 	
X_D1:D99033	0.9801 	0.0099 	0.0099 	0.0001 	
X_D1:D99034	0.9801 	0.0099 	0.0099 	0.0001 	
X_D1:D99035	0.9801 	0.0099 	0.0099 	0.0001 	
X_D1:D99036	0.9801 	0.0099 	0.0099 	0.0001 	
X_D1:D99037	0.9801 	0.0099 	0.0099 	0.0001 	
X_D1:D99038	0.9801 	0.0099 	0.0099 	0.0001 	
X_D1:D99039	0.9801 	0.0099 	0.0099 	0.0001 	
X_D1:D99040	0.9801 	0.0099 	0.0099 	0.0001 	
X_D1:D99041	0.9801 	0.0099 	0.0099 	0.0001 	
X_D1:D990417	0.9801 	0.0099 	0.0099 	0.0001 	
X_D1:D99042	0.9801 	0.0099 	0.0099 	0.0001 	
X_D1:D990422	0.9801 	0.0099 	0.0099 	0.0001 	
X_D1:D990423	0.9801 	0.0099 	0.0099 	0.0001 	
X_D1:D99043	0.9801 	0.0099 	0.0099 	0.0001 	
X_D1:D99044	0.9801 	0.0099 	0.0099 	0.0001 	
X_D1:D99045	0.9801 	0.0099 	0.0099 	0.0001 	
X_D1:D99046	0.9801 	0.0099 	0.0099 	0.0001 	
X_D1:D99047	0.9801 	0.0099 	0.0099 	0.0001 	
X_D1:D99048	0.9801 	0.0099 	0.0099 	0.0001 	
X_D1:D99049	0.9801 	0.0099 	0.0099 	0.0001 	
X_D1:D99050	0.9801 	0.0099 	0.0099 	0.0001 	
X_D1:D990501	0.9801 	0.0099 	0.0099 	0.0001 	
X_D1:D990503	0.9801 	0.0099 	0.0099 	0.0001 	
X_D1:D99051	0.9801 	0.0099 	0.0099 	0.0001 	
X_D1:D990513	0.9801 	0.0099 	0.0099 	0.0001 	
X_D1:D990514	0.9801 	0.0099 	0.0099 	0.0001 	
X_D1:D99052	0.9801 	0.0099 	0.0099 	0.0001 	
X_D1:D99053	0.9801 	0.0099 	0.0099 	0.0001 	
X_D1:D99054	0.9801 	0.0099 	0.0099 	0.0001 	
X_D1:D99055	0.9801 	0.0099 	0.0099 	0.0001 	
X_D1:D99056	0.9801 	0.0099 	0.0099 	0.0001 	
X_D1:D99057	0.9801 	0.0099 	0.0099 	0.0001 	
X_D1:D99058	0.9801 	0.0099 	0.0099 	0.0001 	
X_D1:D99059	0.9801 	0.0099 	0.0099 	0.0001 	
X_D1:D99060	0.9801 	0.0099 	0.0099 	0.0001 	
X_D1:D99061	0.9801 	0.0099 	0.0099 	0.0001 	
X_D1:D99062	0.9801 	0.0099 	0.0099 	0.0001 	
X_D1:D99063	0.9801 	0.0099 	0.0099 	0.0001 	
X_D1:D99064	0.9801 	0.0099 	0.0099 	0.0001 	
X_D1:D99065	0.9801 	0.0099 	0.0099 	0.0001 	
X_D1:D99066	0.9801 	0.0099 	0.0099 	0.0001 	
X_D1:D99067	0.9801 	0.0099 	0.0099 	0.0001 	
X_D1:D99068	0.9801 	0.0099 	0.0099 	0.0001 	
X_D1:D99069	0.9801 	0.0099 	0.0099 	0.0001 	
X_D1:D99070	0.9801 	0.0099 	0.0099 	0.0001 	
X_D1:D99071	0.9801 	0.0099 	0.0099 	0.0001 	
X_D1:D990718	0.9801 	0.0099 	0.0099 	0.0001 	
X_D1:D99072	0.9801 	0.0099 	0.0099 	0.0001 	
X_D1:D99073	0.9801 	0.0099 	0.0099 	0.0001 	
X_D1:D99074	0.9801 	0.0099 	0.0099 	0.0001 	
X_D1:D99075	0.9801 	0.0099 	0.0099 	0.0001 	
X_D1:D99076	0.9801 	0.0099 	0.0099 	0.0001 	
X_D1:D99077	0.9801 	0.0099 	0.0099 	0.0001 	
X_D1:D99078	0.9801 	0.0099 	0.0099 	0.0001 	
X_D1:D99079	0.9801 	0.0099 	0.0099 	0.0001 	
X_D1:D99080	0.9801 	0.0099 	0.0099 	0.0001 	
X_N1:N1947	0.9801 	0.0099 	0.0099 	0.0001 	
X_N1:N1951	0.9801 	0.0099 	0.0099 	0.0001 	
X_N1:N1952	0.9801 	0.0099 	0.0099 	0.0001 	
X_N1:N1953	0.9801 	0.0099 	0.0099 	0.0001 	
X_N1:N1954	0.9801 	0.0099 	0.0099 	0.0001 	
X_N1:N1955	0.9801 	0.0099 	0.0099 	0.0001 	
X_N1:N1957	0.9801 	0.0099 	0.0099 	0.0001 	
X_N1:N1958	0.9801 	0.0099 	0.0099 	0.0001 	
X_N1:N1959	0.9801 	0.0099 	0.0099 	0.0001 	
X_N1:N1961	0.9801 	0.0099 	0.0099 	0.0001 	
X_N1:N1962	0.9801 	0.0099 	0.0099 	0.0001 	
X_N1:N1963	0.9801 	0.0099 	0.0099 	0.0001 	
X_N1:N1964	0.9801 	0.0099 	0.0099 	0.0001 	
X_N1965:N1965	0.9801 	0.0099 	0.0099 	0.0001 	
X_N1:N1970	0.9801 	0.0099 	0.0099 	0.0001 	
X_N1:N1971	0.9801 	0.0099 	0.0099 	0.0001 	
X_N1:N1972	0.9801 	0.0099 	0.0099 	0.0001 	
X_N1:N2101	0.9801 	0.0099 	0.0099 	0.0001 	
X_N1:N2102	0.9801 	0.0099 	0.0099 	0.0001 	
X_N1:N2103	0.9801 	0.0099 	0.0099 	0.0001 	
X_N1:N2105	0.9801 	0.0099 	0.0099 	0.0001 	
X_N1:N2106	0.9801 	0.0099 	0.0099 	0.0001 	
X_N1:N2110	0.9801 	0.0099 	0.0099 	0.0001 	
X_N1:N2301	0.9801 	0.0099 	0.0099 	0.0001 	
X_N1:N2401	0.9801 	0.0099 	0.0099 	0.0001 	
X_N1:N2402	0.9801 	0.0099 	0.0099 	0.0001 	
X_N1:N2403	0.9801 	0.0099 	0.0099 	0.0001 	
X_N1:N2404	0.9801 	0.0099 	0.0099 	0.0001 	
X_N1:N2406	0.9801 	0.0099 	0.0099 	0.0001 	
X_N1:N2407	0.9801 	0.0099 	0.0099 	0.0001 	
X_N1:N2408	0.9801 	0.0099 	0.0099 	0.0001 	
X_N1:N2409	0.9801 	0.0099 	0.0099 	0.0001 	
X_N1:N2410	0.9801 	0.0099 	0.0099 	0.0001 	
X_N1:N2413	0.9801 	0.0099 	0.0099 	0.0001 	
X_N1:N2415	0.9801 	0.0099 	0.0099 	0.0001 	
X_N1:N2416	0.9801 	0.0099 	0.0099 	0.0001 	
X_N1:N2417	0.9801 	0.0099 	0.0099 	0.0001 	
X_N1:N2419	0.9801 	0.0099 	0.0099 	0.0001 	
X_N1:N2420	0.9801 	0.0099 	0.0099 	0.0001 	
X_N1:N2421	0.9801 	0.0099 	0.0099 	0.0001 	
X_N1:N2422	0.9801 	0.0099 	0.0099 	0.0001 	
X_N1:N2423	0.9801 	0.0099 	0.0099 	0.0001 	
X_N1:N2424	0.9801 	0.0099 	0.0099 	0.0001 	
X_N1:N2425	0.9801 	0.0099 	0.0099 	0.0001 	
X_N1:N2426	0.9801 	0.0099 	0.0099 	0.0001 	
X_N1:N2427	0.9801 	0.0099 	0.0099 	0.0001 	
X_N1:N2428	0.9801 	0.0099 	0.0099 	0.0001 	
X_N1:N2429	0.9801 	0.0099 	0.0099 	0.0001 	
X_N1:N2430	0.9801 	0.0099 	0.0099 	0.0001 	
X_N1:N2431	0.980719 	0.00928125 	0.00928125 	0.00071875 	
X_N1:N2432	0.980719 	0.00928125 	0.00928125 	0.00071875 	
X_N1:N2435	0.9801 	0.0099 	0.0099 	0.0001 	
X_N1:N2436	0.9801 	0.0099 	0.0099 	0.0001 	
X_N1:N2438	0.9801 	0.0099 	0.0099 	0.0001 	
X_N1:N2439	0.9801 	0.0099 	0.0099 	0.0001 	
X_N1:N2440	0.9801 	0.0099 	0.0099 	0.0001 	
X_N1:N2441	0.9801 	0.0099 	0.0099 	0.0001 	
X_N1:N2442	0.980719 	0.00928125 	0.00928125 	0.00071875 	
X_N1:N2443	0.9801 	0.0099 	0.0099 	0.0001 	
X_N1:N2444	0.9801 	0.0099 	0.0099 	0.0001 	
X_N1:N2445	0.9801 	0.0099 	0.0099 	0.0001 	
X_N1:N2446	0.9801 	0.0099 	0.0099 	0.0001 	
X_N1:N2447	0.9801 	0.0099 	0.0099 	0.0001 	
X_N1:N2449	0.9801 	0.0099 	0.0099 	0.0001 	
X_N1:N2450	0.9801 	0.0099 	0.0099 	0.0001 	
X_N1:N2453	0.980719 	0.00928125 	0.00928125 	0.00071875 	
X_N1:N2457	0.9801 	0.0099 	0.0099 	0.0001 	
X_N1:N2460	0.9801 	0.0099 	0.0099 	0.0001 	
X_N1:N2462	0.9801 	0.0099 	0.0099 	0.0001 	
X_N1:N2463	0.9801 	0.0099 	0.0099 	0.0001 	
X_N1:N2464	0.9801 	0.0099 	0.0099 	0.0001 	
X_N1:N2468	0.9801 	0.0099 	0.0099 	0.0001 	
X_N1:N2469	0.9801 	0.0099 	0.0099 	0.0001 	
X_N1:N2470	0.9801 	0.0099 	0.0099 	0.0001 	
X_N1:N2472	0.9801 	0.0099 	0.0099 	0.0001 	
X_N1:N2474	0.9801 	0.0099 	0.0099 	0.0001 	
X_N1:N2475	0.9801 	0.0099 	0.0099 	0.0001 	
X_N1:N2477	0.9801 	0.0099 	0.0099 	0.0001 	
X_N1:N2479	0.9801 	0.0099 	0.0099 	0.0001 	
X_N1:N2480	0.9801 	0.0099 	0.0099 	0.0001 	
X_N1:N2481	0.9801 	0.0099 	0.0099 	0.0001 	
X_N1:N2482	0.9801 	0.0099 	0.0099 	0.0001 	
X_N1:N2483	0.9801 	0.0099 	0.0099 	0.0001 	
X_N1:N2484	0.9801 	0.0099 	0.0099 	0.0001 	
X_N1:N2485	0.9801 	0.0099 	0.0099 	0.0001 	
X_N1:N2486	0.9801 	0.0099 	0.0099 	0.0001 	
X_N1:N2487	0.9801 	0.0099 	0.0099 	0.0001 	
X_N1:N2488	0.9801 	0.0099 	0.0099 	0.0001 	
X_N1:N2489	0.9801 	0.0099 	0.0099 	0.0001 	
X_N1:N2490	0.9801 	0.0099 	0.0099 	0.0001 	
X_N1:N2491	0.9801 	0.0099 	0.0099 	0.0001 	
X_N1:N2492	0.9801 	0.0099 	0.0099 	0.0001 	
X_N1:N2493	0.9801 	0.0099 	0.0099 	0.0001 	
X_N1:N2601	0.9801 	0.0099 	0.0099 	0.0001 	
X_N1:N2602	0.9801 	0.0099 	0.0099 	0.0001 	
X_N1:N2603	0.9801 	0.0099 	0.0099 	0.0001 	
X_N1:N2604	0.9801 	0.0099 	0.0099 	0.0001 	
X_N1:N2605	0.9801 	0.0099 	0.0099 	0.0001 	
X_N1:N2606	0.980719 	0.00928125 	0.00928125 	0.00071875 	
X_N1:N2607	0.9801 	0.0099 	0.0099 	0.0001 	
X_N1:N2608	0.9801 	0.0099 	0.0099 	0.0001 	
X_N1:N2609	0.9801 	0.0099 	0.0099 	0.0001 	
X_N1:N2610	0.9801 	0.0099 	0.0099 	0.0001 	
X_N1:N2611	0.9801 	0.0099 	0.0099 	0.0001 	
X_N1:N2612	0.9801 	0.0099 	0.0099 	0.0001 	
X_N1:N2618	0.980719 	0.00928125 	0.00928125 	0.00071875 	
X_N1:N2619	0.9801 	0.0099 	0.0099 	0.0001 	
X_N1:N2620	0.9801 	0.0099 	0.0099 	0.0001 	
X_N1:N2621	0.9801 	0.0099 	0.0099 	0.0001 	
X_N1:N2623	0.9801 	0.0099 	0.0099 	0.0001 	
X_N1:N2624	0.9801 	0.0099 	0.0099 	0.0001 	
X_N1:N2625	0.9801 	0.0099 	0.0099 	0.0001 	
X_N1:N2626	0.9801 	0.0099 	0.0099 	0.0001 	
X_N1:N2627	0.9801 	0.0099 	0.0099 	0.0001 	
X_N1:N2628	0.9801 	0.0099 	0.0099 	0.0001 	
X_N1:N2629	0.9801 	0.0099 	0.0099 	0.0001 	
X_N1:N2631	0.9801 	0.0099 	0.0099 	0.0001 	
X_N1:N2632	0.9801 	0.0099 	0.0099 	0.0001 	
X_N1:N2633	0.9801 	0.0099 	0.0099 	0.0001 	
X_N1:N2634	0.9801 	0.0099 	0.0099 	0.0001 	
X_N1:N2635	0.9801 	0.0099 	0.0099 	0.0001 	
X_N1:N2636	0.9801 	0.0099 	0.0099 	0.0001 	
X_N1:N2637	0.9801 	0.0099 	0.0099 	0.0001 	
X_N1:N2701	0.9801 	0.0099 	0.0099 	0.0001 	
X_N1:N2702	0.9801 	0.0099 	0.0099 	0.0001 	
X_N1:N2704	0.9801 	0.0099 	0.0099 	0.0001 	
X_N1:N2706	0.9801 	0.0099 	0.0099 	0.0001 	
X_N1:N2707	0.9801 	0.0099 	0.0099 	0.0001 	
X_N1:N2708	0.9801 	0.0099 	0.0099 	0.0001 	
X_N1:N2709	0.9801 	0.0099 	0.0099 	0.0001 	
X_N1:N2710	0.9801 	0.0099 	0.0099 	0.0001 	
X_N1:N2711	0.9801 	0.0099 	0.0099 	0.0001 	
X_N1:N2716	0.9801 	0.0099 	0.0099 	0.0001 	
X_N1:N2717	0.9801 	0.0099 	0.0099 	0.0001 	
X_N1:N2718	0.980409 	0.00959062 	0.00959062 	0.000409375 	
X_N1:N2719	0.980409 	0.00959062 	0.00959062 	0.000409375 	
X_N1:N2724	0.9801 	0.0099 	0.0099 	0.0001 	
X_N1:N2726	0.9801 	0.0099 	0.0099 	0.0001 	
X_N1:N2727	0.9801 	0.0099 	0.0099 	0.0001 	
X_N1:N2731	0.9801 	0.0099 	0.0099 	0.0001 	
X_N1:N2736	0.9801 	0.0099 	0.0099 	0.0001 	
X_N1:N2737	0.9801 	0.0099 	0.0099 	0.0001 	
X_N1:N2738	0.9801 	0.0099 	0.0099 	0.0001 	
X_N1:N2739	0.9801 	0.0099 	0.0099 	0.0001 	
X_N1:N2750	0.980409 	0.00959062 	0.00959062 	0.000409375 	
X_N1:N2751	0.9801 	0.0099 	0.0099 	0.0001 	
X_N1:N2752	0.9801 	0.0099 	0.0099 	0.0001 	
X_N1:N2753	0.9801 	0.0099 	0.0099 	0.0001 	
X_N1:N2756	0.9801 	0.0099 	0.0099 	0.0001 	
X_N1:N2760	0.9801 	0.0099 	0.0099 	0.0001 	
X_N1:N2761	0.9801 	0.0099 	0.0099 	0.0001 	
X_N1:N2765	0.980409 	0.00959062 	0.00959062 	0.000409375 	
X_N1:N2771	0.9801 	0.0099 	0.0099 	0.0001 	
X_N1:N2772	0.9801 	0.0099 	0.0099 	0.0001 	
X_N1:N2773	0.9801 	0.0099 	0.0099 	0.0001 	
X_N1:N2775	0.9801 	0.0099 	0.0099 	0.0001 	
X_N1:N2776	0.9801 	0.0099 	0.0099 	0.0001 	
X_N1:N2777	0.9801 	0.0099 	0.0099 	0.0001 	
X_N1:N2778	0.9801 	0.0099 	0.0099 	0.0001 	
X_N1:N2786	0.980409 	0.00959062 	0.00959062 	0.000409375 	
X_N1:N2787	0.9801 	0.0099 	0.0099 	0.0001 	
X_N1:N2789	0.9801 	0.0099 	0.0099 	0.0001 	
X_N1:N2792	0.9801 	0.0099 	0.0099 	0.0001 	
X_N1:N2794	0.9801 	0.0099 	0.0099 	0.0001 	
X_N1:N2795	0.980409 	0.00959062 	0.00959062 	0.000409375 	
X_N1:N2796	0.9801 	0.0099 	0.0099 	0.0001 	
X_N1:N2797	0.9801 	0.0099 	0.0099 	0.0001 	
X_N1:N2798	0.980409 	0.00959062 	0.00959062 	0.000409375 	
X_N1:N2799	0.9801 	0.0099 	0.0099 	0.0001 	
X_N1:N27b1	0.9801 	0.0099 	0.0099 	0.0001 	
X_N1:N27b2	0.9801 	0.0099 	0.0099 	0.0001 	
X_N1:N27b3	0.9801 	0.0099 	0.0099 	0.0001 	
X_N1:N27b7	0.980409 	0.00959062 	0.00959062 	0.000409375 	
X_N1:N27b8	0.9801 	0.0099 	0.0099 	0.0001 	
X_N1:N3101	0.9801 	0.0099 	0.0099 	0.0001 	
X_N1:N3102	0.9801 	0.0099 	0.0099 	0.0001 	
X_N1:N3103	0.9801 	0.0099 	0.0099 	0.0001 	
X_N1:N3104	0.9801 	0.0099 	0.0099 	0.0001 	
X_N1:N3105	0.9801 	0.0099 	0.0099 	0.0001 	
X_N1:N3106	0.9801 	0.0099 	0.0099 	0.0001 	
X_N1:N3107	0.9801 	0.0099 	0.0099 	0.0001 	
X_N1:N3108	0.9801 	0.0099 	0.0099 	0.0001 	
X_N1:N3109	0.9801 	0.0099 	0.0099 	0.0001 	
X_N1:N3110	0.9801 	0.0099 	0.0099 	0.0001 	
X_N1:N3111	0.9801 	0.0099 	0.0099 	0.0001 	
X_N1:N3112	0.9801 	0.0099 	0.0099 	0.0001 	
X_N1:N3113	0.9801 	0.0099 	0.0099 	0.0001 	
X_N1:N3115	0.9801 	0.0099 	0.0099 	0.0001 	
X_N1:N3117	0.9801 	0.0099 	0.0099 	0.0001 	
X_N1:N3201	0.9801 	0.0099 	0.0099 	0.0001 	
X_N1:N3202	0.9801 	0.0099 	0.0099 	0.0001 	
X_N1:N3203	0.9801 	0.0099 	0.0099 	0.0001 	
X_N1:N3204	0.9801 	0.0099 	0.0099 	0.0001 	
X_N1:N3205	0.9801 	0.0099 	0.0099 	0.0001 	
X_N1:N3206	0.9801 	0.0099 	0.0099 	0.0001 	
X_N1:N3207	0.9801 	0.0099 	0.0099 	0.0001 	
X_N1:N3208	0.9801 	0.0099 	0.0099 	0.0001 	
X_N1:N3209	0.9801 	0.0099 	0.0099 	0.0001 	
X_N1:N3210	0.9801 	0.0099 	0.0099 	0.0001 	
X_N1:N3211	0.9801 	0.0099 	0.0099 	0.0001 	
X_N1:N3216	0.9801 	0.0099 	0.0099 	0.0001 	
X_N1:N50000	0.9801 	0.0099 	0.0099 	0.0001 	
X_N1:N50001	0.9801 	0.0099 	0.0099 	0.0001 	
X_N1:N50002	0.9801 	0.0099 	0.0099 	0.0001 	
X_N1:N50003	0.9801 	0.0099 	0.0099 	0.0001 	
X_N1:N50004	0.9801 	0.0099 	0.0099 	0.0001 	
X_N1:N50005	0.9801 	0.0099 	0.0099 	0.0001 	
X_N1:N50006	0.9801 	0.0099 	0.0099 	0.0001 	
X_N1:N50007	0.9801 	0.0099 	0.0099 	0.0001 	
X_N1:N50008	0.9801 	0.0099 	0.0099 	0.0001 	
X_N1:N50009	0.9801 	0.0099 	0.0099 	0.0001 	
X_N1:N50010	0.9801 	0.0099 	0.0099 	0.0001 	
X_N1:N50011	0.9801 	0.0099 	0.0099 	0.0001 	
X_N1:N50012	0.9801 	0.0099 	0.0099 	0.0001 	
X_N1:N50013	0.9801 	0.0099 	0.0099 	0.0001 	
X_N1:N50014	0.9801 	0.0099 	0.0099 	0.0001 	
X_N1:N50015	0.9801 	0.0099 	0.0099 	0.0001 	
X_N1:N500158	0.9801 	0.0099 	0.0099 	0.0001 	
X_N1:N50016	0.9801 	0.0099 	0.0099 	0.0001 	
X_N1:N500167	0.9801 	0.0099 	0.0099 	0.0001 	
X_N1:N50017	0.9801 	0.0099 	0.0099 	0.0001 	
X_N1:N50018	0.9801 	0.0099 	0.0099 	0.0001 	
X_N1:N50019	0.9801 	0.0099 	0.0099 	0.0001 	
X_N1:N50020	0.9801 	0.0099 	0.0099 	0.0001 	
X_N1:N50021	0.9801 	0.0099 	0.0099 	0.0001 	
X_N1:N50022	0.9801 	0.0099 	0.0099 	0.0001 	
X_N1:N50023	0.9801 	0.0099 	0.0099 	0.0001 	
X_N1:N50024	0.9801 	0.0099 	0.0099 	0.0001 	
X_N1:N50025	0.9801 	0.0099 	0.0099 	0.0001 	
X_N1:N50026	0.9801 	0.0099 	0.0099 	0.0001 	
X_N1:N50027	0.9801 	0.0099 	0.0099 	0.0001 	
X_N1:N50028	0.9801 	0.0099 	0.0099 	0.0001 	
X_N1:N50029	0.9801 	0.0099 	0.0099 	0.0001 	
X_N1:N50030	0.9801 	0.0099 	0.0099 	0.0001 	
X_N1:N50031	0.9801 	0.0099 	0.0099 	0.0001 	
X_N1:N500312	0.9801 	0.0099 	0.0099 	0.0001 	
X_N1:N50032	0.9801 	0.0099 	0.0099 	0.0001 	
X_N1:N50033	0.9801 	0.0099 	0.0099 	0.0001 	
X_N1:N50034	0.9801 	0.0099 	0.0099 	0.0001 	
X_N1:N50035	0.9801 	0.0099 	0.0099 	0.0001 	
X_N1:N50036	0.9801 	0.0099 	0.0099 	0.0001 	
X_N1:N50037	0.9801 	0.0099 	0.0099 	0.0001 	
X_N1:N50038	0.9801 	0.0099 	0.0099 	0.0001 	
X_N1:N50047	0.9801 	0.0099 	0.0099 	0.0001 	
X_N1:N50048	0.9801 	0.0099 	0.0099 	0.0001 	
X_N1:N50049	0.9801 	0.0099 	0.0099 	0.0001 	
X_N1:N50050	0.9801 	0.0099 	0.0099 	0.0001 	
X_N1:N50051	0.9801 	0.0099 	0.0099 	0.0001 	
X_N1:N50052	0.9801 	0.0099 	0.0099 	0.0001 	
X_N1:N50053	0.9801 	0.0099 	0.0099 	0.0001 	
X_N1:N500537	0.9801 	0.0099 	0.0099 	0.0001 	
X_N1:N50054	0.9801 	0.0099 	0.0099 	0.0001 	
X_N1:N50055	0.9801 	0.0099 	0.0099 	0.0001 	
X_N1:N50056	0.9801 	0.0099 	0.0099 	0.0001 	
X_N1:N50061	0.9801 	0.0099 	0.0099 	0.0001 	
X_N1:N500610	0.9801 	0.0099 	0.0099 	0.0001 	
X_N1:N500618	0.9801 	0.0099 	0.0099 	0.0001 	
X_N1:N50062	0.9801 	0.0099 	0.0099 	0.0001 	
X_N1:N50063	0.9801 	0.0099 	0.0099 	0.0001 	
X_N1:N50064	0.9801 	0.0099 	0.0099 	0.0001 	
X_N1:N50065	0.9801 	0.0099 	0.0099 	0.0001 	
X_N1:N50066	0.9801 	0.0099 	0.0099 	0.0001 	
X_N1:N50067	0.9801 	0.0099 	0.0099 	0.0001 	
X_N1:N50068	0.9801 	0.0099 	0.0099 	0.0001 	
X_N1:N50069	0.9801 	0.0099 	0.0099 	0.0001 	
X_N1:N50070	0.9801 	0.0099 	0.0099 	0.0001 	
X_N1:N50071	0.9801 	0.0099 	0.0099 	0.0001 	
X_N1:N50072	0.9801 	0.0099 	0.0099 	0.0001 	
X_N1:N500725	0.9801 	0.0099 	0.0099 	0.0001 	
X_N1:N50073	0.9801 	0.0099 	0.0099 	0.0001 	
X_N1:N50074	0.9801 	0.0099 	0.0099 	0.0001 	
X_N1:N50075	0.9801 	0.0099 	0.0099 	0.0001 	
X_N1:N50076	0.9801 	0.0099 	0.0099 	0.0001 	
X_N1:N50077	0.9801 	0.0099 	0.0099 	0.0001 	
X_N1:N50078	0.9801 	0.0099 	0.0099 	0.0001 	
X_N1:N50079	0.9801 	0.0099 	0.0099 	0.0001 	
X_N1:N50080	0.9801 	0.0099 	0.0099 	0.0001 	
X_N1:N50081	0.9801 	0.0099 	0.0099 	0.0001 	
X_N1:N50083	0.9801 	0.0099 	0.0099 	0.0001 	
X_N1:N50084	0.9801 	0.0099 	0.0099 	0.0001 	
X_N1:N50085	0.9801 	0.0099 	0.0099 	0.0001 	
X_N1:N50086	0.9801 	0.0099 	0.0099 	0.0001 	
X_N1:N50087	0.9801 	0.0099 	0.0099 	0.0001 	
X_N1:N50088	0.9801 	0.0099 	0.0099 	0.0001 	
X_N1:N50089	0.9801 	0.0099 	0.0099 	0.0001 	
X_N1:N50090	0.9801 	0.0099 	0.0099 	0.0001 	
X_N1:N50091	0.9801 	0.0099 	0.0099 	0.0001 	
X_N1:N500917	0.9801 	0.0099 	0.0099 	0.0001 	
X_N1:N500918	0.9801 	0.0099 	0.0099 	0.0001 	
X_N1:N50092	0.9801 	0.0099 	0.0099 	0.0001 	
X_N1:N50093	0.9801 	0.0099 	0.0099 	0.0001 	
X_N1:N50094	0.9801 	0.0099 	0.0099 	0.0001 	
X_N1:N50095	0.9801 	0.0099 	0.0099 	0.0001 	
X_N1:N50096	0.9801 	0.0099 	0.0099 	0.0001 	
X_N1:N50097	0.9801 	0.0099 	0.0099 	0.0001 	
X_N1:N50098	0.9801 	0.0099 	0.0099 	0.0001 	
X_N1:N50099	0.9801 	0.0099 	0.0099 	0.0001 	
X_N1:N50103	0.9801 	0.0099 	0.0099 	0.0001 	
X_N1:N501069	0.9801 	0.0099 	0.0099 	0.0001 	
X_N1:N50107	0.9801 	0.0099 	0.0099 	0.0001 	
X_N1:N501073	0.9801 	0.0099 	0.0099 	0.0001 	
X_N1:N50108	0.9801 	0.0099 	0.0099 	0.0001 	
X_N1:N50110	0.9801 	0.0099 	0.0099 	0.0001 	
X_N1:N501109	0.9801 	0.0099 	0.0099 	0.0001 	
X_N1:N50116	0.9801 	0.0099 	0.0099 	0.0001 	
X_N1:N50117	0.9801 	0.0099 	0.0099 	0.0001 	
X_N1:N50118	0.9801 	0.0099 	0.0099 	0.0001 	
X_N1:N50119	0.9801 	0.0099 	0.0099 	0.0001 	
X_N1:N50120	0.9801 	0.0099 	0.0099 	0.0001 	
X_N1:N50121	0.9801 	0.0099 	0.0099 	0.0001 	
X_N1:N50128	0.9801 	0.0099 	0.0099 	0.0001 	
X_N1:N50129	0.9801 	0.0099 	0.0099 	0.0001 	
X_N1:N50130	0.9801 	0.0099 	0.0099 	0.0001 	
X_N1:N50131	0.9801 	0.0099 	0.0099 	0.0001 	
X_N1:N50132	0.9801 	0.0099 	0.0099 	0.0001 	
X_N1:N50133	0.9801 	0.0099 	0.0099 	0.0001 	
X_N1:N50134	0.9801 	0.0099 	0.0099 	0.0001 	
X_N1:N50135	0.9801 	0.0099 	0.0099 	0.0001 	
X_N1:N50136	0.9801 	0.0099 	0.0099 	0.0001 	
X_N1:N50137	0.9801 	0.0099 	0.0099 	0.0001 	
X_N1:N50138	0.9801 	0.0099 	0.0099 	0.0001 	
X_N1:N50139	0.9801 	0.0099 	0.0099 	0.0001 	
X_N1:N50142	0.9801 	0.0099 	0.0099 	0.0001 	
X_N1:N50143	0.9801 	0.0099 	0.0099 	0.0001 	
X_N1:N50144	0.9801 	0.0099 	0.0099 	0.0001 	
X_N1:N50146	0.9801 	0.0099 	0.0099 	0.0001 	
X_N1:N50160	0.9801 	0.0099 	0.0099 	0.0001 	
X_N1:N50161	0.9801 	0.0099 	0.0099 	0.0001 	
X_N1:N501619	0.9801 	0.0099 	0.0099 	0.0001 	
X_N1:N50162	0.9801 	0.0099 	0.0099 	0.0001 	
X_N1:N50164	0.9801 	0.0099 	0.0099 	0.0001 	
X_N1:N50165	0.9801 	0.0099 	0.0099 	0.0001 	
X_N1:N50166	0.9801 	0.0099 	0.0099 	0.0001 	
X_N1:N50167	0.9801 	0.0099 	0.0099 	0.0001 	
X_N1:N50168	0.9801 	0.0099 	0.0099 	0.0001 	
X_N1:N50169	0.9801 	0.0099 	0.0099 	0.0001 	
X_N1:N50170	0.9801 	0.0099 	0.0099 	0.0001 	
X_N1:N50171	0.9801 	0.0099 	0.0099 	0.0001 	
X_N1:N50172	0.9801 	0.0099 	0.0099 	0.0001 	
X_N1:N50173	0.9801 	0.0099 	0.0099 	0.0001 	
X_N1:N50174	0.9801 	0.0099 	0.0099 	0.0001 	
X_N1:N50177	0.9801 	0.0099 	0.0099 	0.0001 	
X_N1:N50178	0.9801 	0.0099 	0.0099 	0.0001 	
X_N1:N50179	0.9801 	0.0099 	0.0099 	0.0001 	
X_N1:N50181	0.9801 	0.0099 	0.0099 	0.0001 	
X_N1:N50183	0.9801 	0.0099 	0.0099 	0.0001 	
X_N1:N50189	0.9801 	0.0099 	0.0099 	0.0001 	
X_N1:N50193	0.9801 	0.0099 	0.0099 	0.0001 	
X_N1:N50194	0.9801 	0.0099 	0.0099 	0.0001 	
X_N1:N50195	0.9801 	0.0099 	0.0099 	0.0001 	
X_N1:N50196	0.9801 	0.0099 	0.0099 	0.0001 	
X_N1:N502480	0.9801 	0.0099 	0.0099 	0.0001 	
X_N1:N502485	0.9801 	0.0099 	0.0099 	0.0001 	
X_N1:N502487	0.9801 	0.0099 	0.0099 	0.0001 	
X_N1:N502628	0.9801 	0.0099 	0.0099 	0.0001 	
X_N1:N502629	0.9801 	0.0099 	0.0099 	0.0001 	
X_N1:N502711	0.9801 	0.0099 	0.0099 	0.0001 	
X_N10:N1401	0.9801 	0.0099 	0.0099 	0.0001 	
X_N10:N1402	0.9801 	0.0099 	0.0099 	0.0001 	
X_N10:N1403	0.9801 	0.0099 	0.0099 	0.0001 	
X_N10:N1404	0.9801 	0.0099 	0.0099 	0.0001 	
X_N1020:N1020	0.9801 	0.0099 	0.0099 	0.0001 	
X_N1080:N1080	0.9801 	0.0099 	0.0099 	0.0001 	
X_N11:N1406	0.9801 	0.0099 	0.0099 	0.0001 	
X_N11:N1428	0.9801 	0.0099 	0.0099 	0.0001 	
X_N11:N1429	0.9801 	0.0099 	0.0099 	0.0001 	
X_N11:N1430	0.9801 	0.0099 	0.0099 	0.0001 	
X_N1122:N1122	0.9801 	0.0099 	0.0099 	0.0001 	
X_N12:N1605	0.9801 	0.0099 	0.0099 	0.0001 	
X_N12:N1639	0.9801 	0.0099 	0.0099 	0.0001 	
X_N12:N1640	0.9801 	0.0099 	0.0099 	0.0001 	
X_N12:N1643	0.9801 	0.0099 	0.0099 	0.0001 	
X_N13:N1701	0.9801 	0.0099 	0.0099 	0.0001 	
X_N13:N2107	0.9801 	0.0099 	0.0099 	0.0001 	
X_N13:N50100	0.9801 	0.0099 	0.0099 	0.0001 	
X_N13:N50101	0.9801 	0.0099 	0.0099 	0.0001 	
X_N13:N50102	0.9801 	0.0099 	0.0099 	0.0001 	
X_N13:N50104	0.9801 	0.0099 	0.0099 	0.0001 	
X_N13:N50105	0.9801 	0.0099 	0.0099 	0.0001 	
X_N13:N50163	0.9801 	0.0099 	0.0099 	0.0001 	
X_N1314:N1314	0.9801 	0.0099 	0.0099 	0.0001 	
X_N1322:N1322	0.9801 	0.0099 	0.0099 	0.0001 	
X_N1327:N1327	0.9801 	0.0099 	0.0099 	0.0001 	
X_N1332:N1332	0.9801 	0.0099 	0.0099 	0.0001 	
X_N14:N2001	0.9801 	0.0099 	0.0099 	0.0001 	
X_N14:N2002	0.9801 	0.0099 	0.0099 	0.0001 	
X_N14:N2003	0.9801 	0.0099 	0.0099 	0.0001 	
X_N14:N2004	0.9801 	0.0099 	0.0099 	0.0001 	
X_N14:N2005	0.9801 	0.0099 	0.0099 	0.0001 	
X_N14:N2006	0.9801 	0.0099 	0.0099 	0.0001 	
X_N14:N2008	0.9801 	0.0099 	0.0099 	0.0001 	
X_N14:N2009	0.9801 	0.0099 	0.0099 	0.0001 	
X_N14:N2010	0.9801 	0.0099 	0.0099 	0.0001 	
X_N14:N2011	0.9801 	0.0099 	0.0099 	0.0001 	
X_N14:N2013	0.9801 	0.0099 	0.0099 	0.0001 	
X_N14:N2014	0.9801 	0.0099 	0.0099 	0.0001 	
X_N14:N50145	0.9801 	0.0099 	0.0099 	0.0001 	
X_N14:N50190	0.9801 	0.0099 	0.0099 	0.0001 	
X_N14:N50191	0.9801 	0.0099 	0.0099 	0.0001 	
X_N14:N50192	0.9801 	0.0099 	0.0099 	0.0001 	
X_N14:N50990	0.9801 	0.0099 	0.0099 	0.0001 	
X_N1412:N1412	0.9801 	0.0099 	0.0099 	0.0001 	
X_N1416:N1416	0.9801 	0.0099 	0.0099 	0.0001 	
X_N1417:N1417	0.9801 	0.0099 	0.0099 	0.0001 	
X_N1421:N1421	0.9801 	0.0099 	0.0099 	0.0001 	
X_N1422:N1422	0.9801 	0.0099 	0.0099 	0.0001 	
X_N1423:N1423	0.9801 	0.0099 	0.0099 	0.0001 	
X_N1424:N1424	0.9801 	0.0099 	0.0099 	0.0001 	
X_N1427:N1427	0.9801 	0.0099 	0.0099 	0.0001 	
X_N15:N2104	0.9801 	0.0099 	0.0099 	0.0001 	
X_N15:N2109	0.9801 	0.0099 	0.0099 	0.0001 	
X_N15:N50176	0.9801 	0.0099 	0.0099 	0.0001 	
X_N15:N50180	0.9801 	0.0099 	0.0099 	0.0001 	
X_N16:N2108	0.9801 	0.0099 	0.0099 	0.0001 	
X_N16:N50111	0.9801 	0.0099 	0.0099 	0.0001 	
X_N16:N50112	0.9801 	0.0099 	0.0099 	0.0001 	
X_N1629:N1629	0.9801 	0.0099 	0.0099 	0.0001 	
X_N1633:N1633	0.9801 	0.0099 	0.0099 	0.0001 	
X_N1635:N1635	0.9801 	0.0099 	0.0099 	0.0001 	
X_N1641:N1641	0.9801 	0.0099 	0.0099 	0.0001 	
X_N1642:N1642	0.9801 	0.0099 	0.0099 	0.0001 	
X_N1644:N1644	0.9801 	0.0099 	0.0099 	0.0001 	
X_N17:N2302	0.9801 	0.0099 	0.0099 	0.0001 	
X_N17:N2303	0.9801 	0.0099 	0.0099 	0.0001 	
X_N17:N50057	0.9801 	0.0099 	0.0099 	0.0001 	
X_N17:N50058	0.9801 	0.0099 	0.0099 	0.0001 	
X_N17:N50059	0.9801 	0.0099 	0.0099 	0.0001 	
X_N17:N50060	0.9801 	0.0099 	0.0099 	0.0001 	
X_N1718:N1711	0.9801 	0.0099 	0.0099 	0.0001 	
X_N1718:N1712	0.9801 	0.0099 	0.0099 	0.0001 	
X_N1718:N1718	0.9801 	0.0099 	0.0099 	0.0001 	
X_N18:N2448	0.9801 	0.0099 	0.0099 	0.0001 	
X_N18:N2762	0.9801 	0.0099 	0.0099 	0.0001 	
X_N18:N2763	0.9801 	0.0099 	0.0099 	0.0001 	
X_N18:N2764	0.9801 	0.0099 	0.0099 	0.0001 	
X_N18:N50151	0.9801 	0.0099 	0.0099 	0.0001 	
X_N18:N50152	0.9801 	0.0099 	0.0099 	0.0001 	
X_N18:N50197	0.9801 	0.0099 	0.0099 	0.0001 	
X_N19:N2705	0.9801 	0.0099 	0.0099 	0.0001 	
X_N19:N2713	0.9801 	0.0099 	0.0099 	0.0001 	
X_N19:N2714	0.9801 	0.0099 	0.0099 	0.0001 	
X_N19:N2715	0.9801 	0.0099 	0.0099 	0.0001 	
X_N19:N50127	0.9801 	0.0099 	0.0099 	0.0001 	
X_N1912:N1912	0.9801 	0.0099 	0.0099 	0.0001 	
X_N1956:N1956	0.9801 	0.0099 	0.0099 	0.0001 	
X_N1960:N1960	0.9801 	0.0099 	0.0099 	0.0001 	
X_N1966:N1966	0.9801 	0.0099 	0.0099 	0.0001 	
X_N1967:N1967	0.9801 	0.0099 	0.0099 	0.0001 	
X_N1968:N1968	0.9801 	0.0099 	0.0099 	0.0001 	
X_N1969:N1969	0.9801 	0.0099 	0.0099 	0.0001 	
X_N2:N0117	0.9801 	0.0099 	0.0099 	0.0001 	
X_N2:N0134	0.9801 	0.0099 	0.0099 	0.0001 	
X_N2:N2454	0.9801 	0.0099 	0.0099 	0.0001 	
X_N2:N2455	0.9801 	0.0099 	0.0099 	0.0001 	
X_N2:N2456	0.9801 	0.0099 	0.0099 	0.0001 	
X_N2:N2458	0.9801 	0.0099 	0.0099 	0.0001 	
X_N2:N50122	0.9801 	0.0099 	0.0099 	0.0001 	
X_N2:N50123	0.9801 	0.0099 	0.0099 	0.0001 	
X_N2:N50124	0.9801 	0.0099 	0.0099 	0.0001 	
X_N2:N50125	0.9801 	0.0099 	0.0099 	0.0001 	
X_N2:N50126	0.9801 	0.0099 	0.0099 	0.0001 	
X_N2:N502454	0.9801 	0.0099 	0.0099 	0.0001 	
X_N20:N2733	0.9801 	0.0099 	0.0099 	0.0001 	
X_N20:N2740	0.9801 	0.0099 	0.0099 	0.0001 	
X_N20:N2757	0.9801 	0.0099 	0.0099 	0.0001 	
X_N20:N2758	0.9801 	0.0099 	0.0099 	0.0001 	
X_N2007:N2007	0.9801 	0.0099 	0.0099 	0.0001 	
X_N2012:N2012	0.9801 	0.0099 	0.0099 	0.0001 	
X_N21:N2769	0.9801 	0.0099 	0.0099 	0.0001 	
X_N21:N2779	0.9801 	0.0099 	0.0099 	0.0001 	
X_N21:N50147	0.9801 	0.0099 	0.0099 	0.0001 	
X_N21:N50148	0.9801 	0.0099 	0.0099 	0.0001 	
X_N21:N50149	0.9801 	0.0099 	0.0099 	0.0001 	
X_N21:N50150	0.9801 	0.0099 	0.0099 	0.0001 	
X_N22:N27b4	0.9801 	0.0099 	0.0099 	0.0001 	
X_N22:N27b5	0.9801 	0.0099 	0.0099 	0.0001 	
X_N22:N27b6	0.9801 	0.0099 	0.0099 	0.0001 	
X_N23:N3213	0.9801 	0.0099 	0.0099 	0.0001 	
X_N23:N3214	0.9801 	0.0099 	0.0099 	0.0001 	
X_N23:N3215	0.9801 	0.0099 	0.0099 	0.0001 	
X_N23:N3218	0.9801 	0.0099 	0.0099 	0.0001 	
X_N23:N3221	0.9801 	0.0099 	0.0099 	0.0001 	
X_N2305:N2305	0.9801 	0.0099 	0.0099 	0.0001 	
X_N2309:N2309	0.9801 	0.0099 	0.0099 	0.0001 	
X_N2310:N2310	0.9801 	0.0099 	0.0099 	0.0001 	
X_N2311:N2311	0.9801 	0.0099 	0.0099 	0.0001 	
X_N2411:N2411	0.9801 	0.0099 	0.0099 	0.0001 	
X_N2437:N2437	0.9801 	0.0099 	0.0099 	0.0001 	
X_N2451:N2451	0.9801 	0.0099 	0.0099 	0.0001 	
X_N2452:N2452	0.9801 	0.0099 	0.0099 	0.0001 	
X_N2459:N2459	0.9801 	0.0099 	0.0099 	0.0001 	
X_N2465:N2465	0.9801 	0.0099 	0.0099 	0.0001 	
X_N2466:N2466	0.9801 	0.0099 	0.0099 	0.0001 	
X_N2467:N2467	0.9801 	0.0099 	0.0099 	0.0001 	
X_N2471:N2471	0.9801 	0.0099 	0.0099 	0.0001 	
X_N2473:N2473	0.9801 	0.0099 	0.0099 	0.0001 	
X_N2476:N2476	0.9801 	0.0099 	0.0099 	0.0001 	
X_N2478:N2478	0.9801 	0.0099 	0.0099 	0.0001 	
X_N2494:N2494	0.9801 	0.0099 	0.0099 	0.0001 	
X_N2622:N2622	0.9801 	0.0099 	0.0099 	0.0001 	
X_N2630:N2630	0.9801 	0.0099 	0.0099 	0.0001 	
X_N2703:N2703	0.9801 	0.0099 	0.0099 	0.0001 	
X_N2774:N2774	0.9801 	0.0099 	0.0099 	0.0001 	
X_N2783:N2783	0.9801 	0.0099 	0.0099 	0.0001 	
X_N2784:N2784	0.9801 	0.0099 	0.0099 	0.0001 	
X_N2785:N2785	0.9801 	0.0099 	0.0099 	0.0001 	
X_N2788:N2788	0.9801 	0.0099 	0.0099 	0.0001 	
X_N2790:N2790	0.9801 	0.0099 	0.0099 	0.0001 	
X_N2793:N2793	0.9801 	0.0099 	0.0099 	0.0001 	
X_N3:N0141	0.9801 	0.0099 	0.0099 	0.0001 	
X_N3:N0142	0.9801 	0.0099 	0.0099 	0.0001 	
X_N3:N0143	0.9801 	0.0099 	0.0099 	0.0001 	
X_N3212:N3212	0.9801 	0.0099 	0.0099 	0.0001 	
X_N3217:N3217	0.9801 	0.0099 	0.0099 	0.0001 	
X_N3219:N3219	0.9801 	0.0099 	0.0099 	0.0001 	
X_N3220:N3220	0.9801 	0.0099 	0.0099 	0.0001 	
X_N4:N0156	0.9801 	0.0099 	0.0099 	0.0001 	
X_N4:N0157	0.9801 	0.0099 	0.0099 	0.0001 	
X_N4:N0159	0.9801 	0.0099 	0.0099 	0.0001 	
X_N4:N0164	0.9801 	0.0099 	0.0099 	0.0001 	
X_N5:N0410	0.9801 	0.0099 	0.0099 	0.0001 	
X_N5:N1616	0.9801 	0.0099 	0.0099 	0.0001 	
X_N5:N1623	0.9801 	0.0099 	0.0099 	0.0001 	
X_N5:N50039	0.9801 	0.0099 	0.0099 	0.0001 	
X_N5:N50040	0.9801 	0.0099 	0.0099 	0.0001 	
X_N5:N50041	0.9801 	0.0099 	0.0099 	0.0001 	
X_N5:N50042	0.9801 	0.0099 	0.0099 	0.0001 	
X_N5:N50043	0.9801 	0.0099 	0.0099 	0.0001 	
X_N5:N50044	0.9801 	0.0099 	0.0099 	0.0001 	
X_N5:N50045	0.9801 	0.0099 	0.0099 	0.0001 	
X_N5:N50175	0.9801 	0.0099 	0.0099 	0.0001 	
X_N1:N50205	0.9801 	0.0099 	0.0099 	0.0001 	
X_N1:N50401	0.9801 	0.0099 	0.0099 	0.0001 	
X_N500812:N500812	0.9801 	0.0099 	0.0099 	0.0001 	
X_N1:N50903	0.9801 	0.0099 	0.0099 	0.0001 	
X_N1:N50906	0.9801 	0.0099 	0.0099 	0.0001 	
X_N500910:N500910	0.9801 	0.0099 	0.0099 	0.0001
X_N1:N502710	0.9801 	0.0099 	0.0099 	0.0001 	
X_N1:N502707	0.9801 	0.0099 	0.0099 	0.0001 	
X_N1:N502708	0.9801 	0.0099 	0.0099 	0.0001 	
X_N502758:N502758	0.9801 	0.0099 	0.0099 	0.0001 	
X_N6:N0801	0.9801 	0.0099 	0.0099 	0.0001 	
X_N6:N0802	0.9801 	0.0099 	0.0099 	0.0001 	
X_N6:N0803	0.9801 	0.0099 	0.0099 	0.0001 	
X_N6:N0804	0.9801 	0.0099 	0.0099 	0.0001 	
X_N6:N0805	0.9801 	0.0099 	0.0099 	0.0001 	
X_N6:N0806	0.9801 	0.0099 	0.0099 	0.0001 	
X_N6:N0807	0.9801 	0.0099 	0.0099 	0.0001 	
X_N6:N0808	0.9801 	0.0099 	0.0099 	0.0001 	
X_N6:N0810	0.9801 	0.0099 	0.0099 	0.0001 	
X_N6:N0811	0.9801 	0.0099 	0.0099 	0.0001 	
X_N6:N0812	0.9801 	0.0099 	0.0099 	0.0001 	
X_N6:N0814	0.9801 	0.0099 	0.0099 	0.0001 	
X_N6:N0815	0.9801 	0.0099 	0.0099 	0.0001 	
X_N6:N0816	0.9801 	0.0099 	0.0099 	0.0001 	
X_N6:N0817	0.9801 	0.0099 	0.0099 	0.0001 	
X_N6:N0818	0.9801 	0.0099 	0.0099 	0.0001 	
X_N6:N0819	0.9801 	0.0099 	0.0099 	0.0001 	
X_N6:N0820	0.9801 	0.0099 	0.0099 	0.0001 	
X_N6:N0821	0.9801 	0.0099 	0.0099 	0.0001 	
X_N6:N0822	0.9801 	0.0099 	0.0099 	0.0001 	
X_N6:N0823	0.9801 	0.0099 	0.0099 	0.0001 	
X_N6:N0824	0.9801 	0.0099 	0.0099 	0.0001 	
X_N6:N0826	0.9801 	0.0099 	0.0099 	0.0001 	
X_N6:N500818	0.9801 	0.0099 	0.0099 	0.0001 	
X_N6:N500821	0.9801 	0.0099 	0.0099 	0.0001 	
X_N6:N50153	0.9801 	0.0099 	0.0099 	0.0001 	
X_N6:N50154	0.9801 	0.0099 	0.0099 	0.0001 	
X_N6:N50155	0.9801 	0.0099 	0.0099 	0.0001 	
X_N6:N50156	0.9801 	0.0099 	0.0099 	0.0001 	
X_N6:N50157	0.9801 	0.0099 	0.0099 	0.0001 	
X_N6:N50158	0.9801 	0.0099 	0.0099 	0.0001 	
X_N7:N1025	0.9801 	0.0099 	0.0099 	0.0001 	
X_N7:N2201	0.9801 	0.0099 	0.0099 	0.0001 	
X_N7:N2202	0.9801 	0.0099 	0.0099 	0.0001 	
X_N7:N2203	0.9801 	0.0099 	0.0099 	0.0001 	
X_N7:N2204	0.9801 	0.0099 	0.0099 	0.0001 	
X_N7:N2205	0.9801 	0.0099 	0.0099 	0.0001 	
X_N7:N2206	0.9801 	0.0099 	0.0099 	0.0001 	
X_N7:N2207	0.9801 	0.0099 	0.0099 	0.0001 	
X_N7:N2208	0.9801 	0.0099 	0.0099 	0.0001 	
X_N7:N2211	0.9801 	0.0099 	0.0099 	0.0001 	
X_N7:N2212	0.9801 	0.0099 	0.0099 	0.0001 	
X_N7:N2213	0.9801 	0.0099 	0.0099 	0.0001 	
X_N7:N2214	0.9801 	0.0099 	0.0099 	0.0001 	
X_N7:N501025	0.9801 	0.0099 	0.0099 	0.0001 	
X_N7:N50113	0.9801 	0.0099 	0.0099 	0.0001 	
X_N7:N50114	0.9801 	0.0099 	0.0099 	0.0001 	
X_N7:N50115	0.9801 	0.0099 	0.0099 	0.0001 	
X_N718:N0718	0.9801 	0.0099 	0.0099 	0.0001 	
X_N718:N0719	0.9801 	0.0099 	0.0099 	0.0001 	
X_N718:N500718	0.9801 	0.0099 	0.0099 	0.0001 	
X_N8:N1201	0.9801 	0.0099 	0.0099 	0.0001 	
X_N8:N1202	0.9801 	0.0099 	0.0099 	0.0001 	
X_N8:N1203	0.9801 	0.0099 	0.0099 	0.0001 	
X_N8:N1204	0.9801 	0.0099 	0.0099 	0.0001 	
X_N8:N1205	0.9801 	0.0099 	0.0099 	0.0001 	
X_N8:N1206	0.9801 	0.0099 	0.0099 	0.0001 	
X_N8:N1207	0.9801 	0.0099 	0.0099 	0.0001 	
X_N8:N1208	0.9801 	0.0099 	0.0099 	0.0001 	
X_N8:N1209	0.9801 	0.0099 	0.0099 	0.0001 	
X_N8:N1210	0.9801 	0.0099 	0.0099 	0.0001 	
X_N8:N1211	0.9801 	0.0099 	0.0099 	0.0001 	
X_N8:N1212	0.9801 	0.0099 	0.0099 	0.0001 	
X_N8:N1213	0.9801 	0.0099 	0.0099 	0.0001 	
X_N8:N1214	0.9801 	0.0099 	0.0099 	0.0001 	
X_N8:N1216	0.9801 	0.0099 	0.0099 	0.0001 	
X_N8:N1217	0.9801 	0.0099 	0.0099 	0.0001 	
X_N1218:N1218	0.9801 	0.0099 	0.0099 	0.0001 	
X_N8:N1219	0.9801 	0.0099 	0.0099 	0.0001 	
X_N8:N1220	0.9801 	0.0099 	0.0099 	0.0001 	
X_N8:N1221	0.9801 	0.0099 	0.0099 	0.0001 	
X_N8:N1426	0.9801 	0.0099 	0.0099 	0.0001 	
X_N8:N501426	0.9801 	0.0099 	0.0099 	0.0001 	
X_N8:N50159	0.9801 	0.0099 	0.0099 	0.0001 	
X_N9:N1301	0.9801 	0.0099 	0.0099 	0.0001 	
X_N9:N1302	0.9801 	0.0099 	0.0099 	0.0001 	
X_N9:N1303	0.9801 	0.0099 	0.0099 	0.0001 	
X_N9:N1304	0.9801 	0.0099 	0.0099 	0.0001 	
X_N9:N1305	0.9801 	0.0099 	0.0099 	0.0001 	
X_N9:N1306	0.9801 	0.0099 	0.0099 	0.0001 	
X_N9:N1307	0.9801 	0.0099 	0.0099 	0.0001 	
X_N9:N1317	0.9801 	0.0099 	0.0099 	0.0001 	
X_N9:N1321	0.9801 	0.0099 	0.0099 	0.0001 	
X_N9:N1328	0.9801 	0.0099 	0.0099 	0.0001 	
X_N9:N1329	0.9801 	0.0099 	0.0099 	0.0001 	
X_N9:N1330	0.9801 	0.0099 	0.0099 	0.0001 	
X_N9:N1331	0.9801 	0.0099 	0.0099 	0.0001 	
X_N9:N1333	0.9801 	0.0099 	0.0099 	0.0001 	
X_N990128:N0128	0.9801 	0.0099 	0.0099 	0.0001 	
X_N990129:N0129	0.9801 	0.0099 	0.0099 	0.0001 	
X_N990137:N0137	0.9801 	0.0099 	0.0099 	0.0001 	
X_N990138:N0138	0.9801 	0.0099 	0.0099 	0.0001 	
X_N990145:N0145	0.9801 	0.0099 	0.0099 	0.0001 	
X_N990147:N0147	0.9801 	0.0099 	0.0099 	0.0001 	
X_N990148:N0148	0.9801 	0.0099 	0.0099 	0.0001 	
X_N990149:N0149	0.9801 	0.0099 	0.0099 	0.0001 	
X_N990150:N0150	0.9801 	0.0099 	0.0099 	0.0001 	
X_N990151:N0151	0.9801 	0.0099 	0.0099 	0.0001 	
X_N990152:N0152	0.9801 	0.0099 	0.0099 	0.0001 	
X_N990154:N0154	0.9801 	0.0099 	0.0099 	0.0001 	
X_N990155:N0155	0.9801 	0.0099 	0.0099 	0.0001 	
X_N990161:N0161	0.9801 	0.0099 	0.0099 	0.0001 	
X_N990162:N0162	0.9801 	0.0099 	0.0099 	0.0001 	
X_N990168:N0168	0.9801 	0.0099 	0.0099 	0.0001 	
X_N990212:N0212	0.9801 	0.0099 	0.0099 	0.0001 	
X_N990216:N0216	0.9801 	0.0099 	0.0099 	0.0001 	
X_N990313:N0313	0.9801 	0.0099 	0.0099 	0.0001 	
X_N990314:N0314	0.9801 	0.0099 	0.0099 	0.0001 	
X_N990316:N0316	0.9801 	0.0099 	0.0099 	0.0001 	
X_N990525:N0525	0.9801 	0.0099 	0.0099 	0.0001 	
X_N990527:N0527	0.9801 	0.0099 	0.0099 	0.0001 	
X_N990531:N0531	0.9801 	0.0099 	0.0099 	0.0001 	
X_N990533:N0533	0.9801 	0.0099 	0.0099 	0.0001 	
X_N990536:N0536	0.9801 	0.0099 	0.0099 	0.0001 	
X_N990540:N0540	0.9801 	0.0099 	0.0099 	0.0001 	
X_N990541:N0541	0.9801 	0.0099 	0.0099 	0.0001 	
X_N990543:N0543	0.9801 	0.0099 	0.0099 	0.0001 	
X_N990546:N0546	0.9801 	0.0099 	0.0099 	0.0001 	
X_N990622:N0622	0.9801 	0.0099 	0.0099 	0.0001 	
X_N990712:N0712	0.9801 	0.0099 	0.0099 	0.0001 	
X_N990809:N0809	0.9801 	0.0099 	0.0099 	0.0001 	
X_N990825:N0825	0.9801 	0.0099 	0.0099 	0.0001 	
X_N990914:N0914	0.9801 	0.0099 	0.0099 	0.0001 	
X_D1:D99081	0.9801 	0.0099 	0.0099 	0.0001 	
X_D1:D990810	0.9801 	0.0099 	0.0099 	0.0001 	
X_D1:D990814	0.9801 	0.0099 	0.0099 	0.0001 	
X_D1:D99082	0.9801 	0.0099 	0.0099 	0.0001 	
X_D1:D990828	0.9801 	0.0099 	0.0099 	0.0001 	
X_D1:D99083	0.9801 	0.0099 	0.0099 	0.0001 	
X_D1:D99084	0.9801 	0.0099 	0.0099 	0.0001 	
X_D1:D99085	0.9801 	0.0099 	0.0099 	0.0001 	
X_D1:D99086	0.9801 	0.0099 	0.0099 	0.0001 	
X_D1:D990914	0.9801 	0.0099 	0.0099 	0.0001 	
X_D1:D990915	0.9801 	0.0099 	0.0099 	0.0001 	
X_D1:D990916	0.9801 	0.0099 	0.0099 	0.0001 	
X_D1:D99092	0.9801 	0.0099 	0.0099 	0.0001 	
X_D1:D99094	0.9801 	0.0099 	0.0099 	0.0001 	
X_D1:D99095	0.9801 	0.0099 	0.0099 	0.0001 	
X_D1:D99096	0.9801 	0.0099 	0.0099 	0.0001 	
X_D1:D99097	0.9801 	0.0099 	0.0099 	0.0001 	
X_D1:D99101	0.9801 	0.0099 	0.0099 	0.0001 	
X_D1:D99102	0.9801 	0.0099 	0.0099 	0.0001 	
X_D1:D99104	0.9801 	0.0099 	0.0099 	0.0001 	
X_D1:D99105	0.9801 	0.0099 	0.0099 	0.0001 	
X_D1:D99106	0.9801 	0.0099 	0.0099 	0.0001 	
X_D1:D99107	0.9801 	0.0099 	0.0099 	0.0001 	
X_D1:D99108	0.9801 	0.0099 	0.0099 	0.0001 	
X_D1:D99109	0.9801 	0.0099 	0.0099 	0.0001 	
X_D1:D99110	0.9801 	0.0099 	0.0099 	0.0001 	
X_D1:D99111	0.9801 	0.0099 	0.0099 	0.0001 	
X_D1:D99112	0.9801 	0.0099 	0.0099 	0.0001 	
X_D1:D991129	0.9801 	0.0099 	0.0099 	0.0001 	
X_D1:D99113	0.9801 	0.0099 	0.0099 	0.0001 	
X_D1:D991135	0.9801 	0.0099 	0.0099 	0.0001 	
X_D1:D99114	0.9801 	0.0099 	0.0099 	0.0001 	
X_D1:D99115	0.9801 	0.0099 	0.0099 	0.0001 	
X_D1:D99116	0.9801 	0.0099 	0.0099 	0.0001 	
X_D1:D99119	0.9801 	0.0099 	0.0099 	0.0001 	
X_D1:D99120	0.9801 	0.0099 	0.0099 	0.0001 	
X_D1:D99121	0.9801 	0.0099 	0.0099 	0.0001 	
X_D1:D99123	0.9801 	0.0099 	0.0099 	0.0001 	
X_D1:D99125	0.9801 	0.0099 	0.0099 	0.0001 	
X_D1:D99126	0.9801 	0.0099 	0.0099 	0.0001 	
X_D1:D99127	0.9801 	0.0099 	0.0099 	0.0001 	
X_D1:D99128	0.9801 	0.0099 	0.0099 	0.0001 	
X_D1:D99129	0.9801 	0.0099 	0.0099 	0.0001 	
X_D1:D99130	0.9801 	0.0099 	0.0099 	0.0001 	
X_D1:D99131	0.9801 	0.0099 	0.0099 	0.0001 	
X_D1:D99132	0.9801 	0.0099 	0.0099 	0.0001 	
X_D1:D99133	0.9801 	0.0099 	0.0099 	0.0001 	
X_D1:D99134	0.9801 	0.0099 	0.0099 	0.0001 	
X_D1:D99135	0.9801 	0.0099 	0.0099 	0.0001 	
X_D1:D99136	0.9801 	0.0099 	0.0099 	0.0001 	
X_D1:D99137	0.9801 	0.0099 	0.0099 	0.0001 	
X_D1:D99138	0.9801 	0.0099 	0.0099 	0.0001 	
X_D1:D99139	0.9801 	0.0099 	0.0099 	0.0001 	
X_D1:D99140	0.9801 	0.0099 	0.0099 	0.0001 	
X_D1:D991402	0.9801 	0.0099 	0.0099 	0.0001 	
X_D1:D99141	0.9801 	0.0099 	0.0099 	0.0001 	
X_D1:D99142	0.9801 	0.0099 	0.0099 	0.0001 	
X_D1:D991428	0.9801 	0.0099 	0.0099 	0.0001 	
X_D1:D99143	0.9801 	0.0099 	0.0099 	0.0001 	
X_D1:D99144	0.9801 	0.0099 	0.0099 	0.0001 	
X_D1:D991446	0.9801 	0.0099 	0.0099 	0.0001 	
X_D1:D99145	0.9801 	0.0099 	0.0099 	0.0001 	
X_D1:D991455	0.9801 	0.0099 	0.0099 	0.0001 	
X_D1:D99146	0.9801 	0.0099 	0.0099 	0.0001 	
X_D1:D99147	0.9801 	0.0099 	0.0099 	0.0001 	
X_D1:D99150	0.9801 	0.0099 	0.0099 	0.0001 	
X_D1:D99151	0.9801 	0.0099 	0.0099 	0.0001 	
X_D1:D99152	0.9801 	0.0099 	0.0099 	0.0001 	
X_D1:D991527	0.9801 	0.0099 	0.0099 	0.0001 	
X_D1:D991528	0.9801 	0.0099 	0.0099 	0.0001 	
X_D1:D99153	0.9801 	0.0099 	0.0099 	0.0001 	
X_D1:D991533	0.9801 	0.0099 	0.0099 	0.0001 	
X_D1:D991601	0.9801 	0.0099 	0.0099 	0.0001 	
X_D1:D991605	0.9801 	0.0099 	0.0099 	0.0001 	
X_D1:D991611	0.9801 	0.0099 	0.0099 	0.0001 	
X_D1:D991642	0.9801 	0.0099 	0.0099 	0.0001 	
X_D1:D991714	0.9801 	0.0099 	0.0099 	0.0001 	
X_D1:D991721	0.9801 	0.0099 	0.0099 	0.0001 	
X_D1:D991812	0.9801 	0.0099 	0.0099 	0.0001 	
X_D1:D991837	0.9801 	0.0099 	0.0099 	0.0001 	
X_D1:D991838	0.9801 	0.0099 	0.0099 	0.0001 	
X_D1:D991847	0.9801 	0.0099 	0.0099 	0.0001 	
X_D1:D991934	0.9801 	0.0099 	0.0099 	0.0001 	
X_D10:D3401	0.9801 	0.0099 	0.0099 	0.0001 	
X_D10:D3402	0.9801 	0.0099 	0.0099 	0.0001 	
X_D10:D3403	0.9801 	0.0099 	0.0099 	0.0001 	
X_D10:D3404	0.9801 	0.0099 	0.0099 	0.0001 	
X_D10:D3405	0.9801 	0.0099 	0.0099 	0.0001 	
X_D10:D3406	0.9801 	0.0099 	0.0099 	0.0001 	
X_D11:D3504	0.9801 	0.0099 	0.0099 	0.0001 	
X_D11:D3507	0.9801 	0.0099 	0.0099 	0.0001 	
X_D11:D3508	0.9801 	0.0099 	0.0099 	0.0001 	
X_D11:D3509	0.9801 	0.0099 	0.0099 	0.0001 	
X_D11:D3513	0.9801 	0.0099 	0.0099 	0.0001 	
X_D1119:D1119	0.9801 	0.0099 	0.0099 	0.0001 	
X_D1125:D1125	0.9801 	0.0099 	0.0099 	0.0001 	
X_D12:D3601	0.9801 	0.0099 	0.0099 	0.0001 	
X_D12:D3602	0.9801 	0.0099 	0.0099 	0.0001 	
X_D12:D3603	0.9801 	0.0099 	0.0099 	0.0001 	
X_D12:D3604	0.9801 	0.0099 	0.0099 	0.0001 	
X_D12:D3605	0.9801 	0.0099 	0.0099 	0.0001 	
X_D12:D3606	0.9801 	0.0099 	0.0099 	0.0001 	
X_D12:D993602	0.9801 	0.0099 	0.0099 	0.0001 	
X_D12:D993603	0.9801 	0.0099 	0.0099 	0.0001 	
X_D12:D993604	0.9801 	0.0099 	0.0099 	0.0001 	
X_D12:D993605	0.9801 	0.0099 	0.0099 	0.0001 	
X_D12:D993606	0.9801 	0.0099 	0.0099 	0.0001 	
X_D1449:D1449	0.9801 	0.0099 	0.0099 	0.0001 	
X_D1644:D1644	0.9801 	0.0099 	0.0099 	0.0001 	
X_D1702:D1702	0.9801 	0.0099 	0.0099 	0.0001 	
X_D1715:D1715	0.9801 	0.0099 	0.0099 	0.0001 	
X_D1722:D1722	0.9801 	0.0099 	0.0099 	0.0001 	
X_D1830:D1830	0.9801 	0.0099 	0.0099 	0.0001 	
X_D1832:D1832	0.9801 	0.0099 	0.0099 	0.0001 	
X_D1840:D1840	0.9801 	0.0099 	0.0099 	0.0001 	
X_D1841:D1841	0.9801 	0.0099 	0.0099 	0.0001 	
X_D1843:D1843	0.9801 	0.0099 	0.0099 	0.0001 	
X_D1844:D1844	0.9801 	0.0099 	0.0099 	0.0001 	
X_D1846:D1846	0.9801 	0.0099 	0.0099 	0.0001 	
X_D1912:D1912	0.9801 	0.0099 	0.0099 	0.0001 	
X_D1915:D1915	0.9801 	0.0099 	0.0099 	0.0001 	
X_D2:D0801	0.9801 	0.0099 	0.0099 	0.0001 	
X_D2:D0802	0.9801 	0.0099 	0.0099 	0.0001 	
X_D2:D0803	0.980719 	0.00928125 	0.00928125 	0.00071875 	
X_D2:D0804	0.980719 	0.00928125 	0.00928125 	0.00071875 	
X_D2:D0806	0.9801 	0.0099 	0.0099 	0.0001 	
X_D2:D0812	0.980719 	0.00928125 	0.00928125 	0.00071875 	
X_D2:D0816	0.980719 	0.00928125 	0.00928125 	0.00071875 	
X_D2:D0820	0.980719 	0.00928125 	0.00928125 	0.00071875 	
X_D2:D99087	0.9801 	0.0099 	0.0099 	0.0001 	
X_D2:D99088	0.9801 	0.0099 	0.0099 	0.0001 	
X_D2:D99089	0.9801 	0.0099 	0.0099 	0.0001 	
X_D2:D99090	0.9801 	0.0099 	0.0099 	0.0001 	
X_D2:D99098	0.9801 	0.0099 	0.0099 	0.0001 	
X_D2010:D2010	0.9801 	0.0099 	0.0099 	0.0001 	
X_D2016:D2016	0.9801 	0.0099 	0.0099 	0.0001 	
X_D2021:D2021	0.9801 	0.0099 	0.0099 	0.0001 	
X_D2235:D2235	0.9801 	0.0099 	0.0099 	0.0001 	
X_D2246:D2246	0.9801 	0.0099 	0.0099 	0.0001 	
X_D2303:D2303	0.9801 	0.0099 	0.0099 	0.0001 	
X_D2311:D2311	0.9801 	0.0099 	0.0099 	0.0001 	
X_D2315:D2315	0.9801 	0.0099 	0.0099 	0.0001 	
X_D2407:D2407	0.9801 	0.0099 	0.0099 	0.0001 	
X_D2410:D2410	0.9801 	0.0099 	0.0099 	0.0001 	
X_D2411:D2411	0.9801 	0.0099 	0.0099 	0.0001 	
X_D2813:D2804	0.9801 	0.0099 	0.0099 	0.0001 	
X_D2813:D2813	0.9801 	0.0099 	0.0099 	0.0001 	
X_D2813:D992813	0.9801 	0.0099 	0.0099 	0.0001 	
X_D3:D1423	0.9801 	0.0099 	0.0099 	0.0001 	
X_D3:D1424	0.9801 	0.0099 	0.0099 	0.0001 	
X_D3:D1425	0.9801 	0.0099 	0.0099 	0.0001 	
X_D3:D1426	0.9801 	0.0099 	0.0099 	0.0001 	
X_D3:D1427	0.9801 	0.0099 	0.0099 	0.0001 	
X_D3:D1430	0.9801 	0.0099 	0.0099 	0.0001 	
X_D3:D1433	0.9801 	0.0099 	0.0099 	0.0001 	
X_D3:D1437	0.9801 	0.0099 	0.0099 	0.0001 	
X_D3:D1441	0.9801 	0.0099 	0.0099 	0.0001 	
X_D3:D99001	0.9801 	0.0099 	0.0099 	0.0001 	
X_D3:D99002	0.9801 	0.0099 	0.0099 	0.0001 	
X_D3:D99003	0.9801 	0.0099 	0.0099 	0.0001 	
X_D3:D99004	0.9801 	0.0099 	0.0099 	0.0001 	
X_D3:D99005	0.9801 	0.0099 	0.0099 	0.0001 	
X_D3205:D3205	0.9801 	0.0099 	0.0099 	0.0001 	
X_D3211:D3211	0.9801 	0.0099 	0.0099 	0.0001 	
X_D3301:D3301	0.9801 	0.0099 	0.0099 	0.0001 	
X_D3501:D3501	0.9801 	0.0099 	0.0099 	0.0001 	
X_D3502:D3502	0.9801 	0.0099 	0.0099 	0.0001 	
X_D3503:D3503	0.9801 	0.0099 	0.0099 	0.0001 	
X_D3505:D3505	0.9801 	0.0099 	0.0099 	0.0001 	
X_D3506:D3506	0.9801 	0.0099 	0.0099 	0.0001 	
X_D3511:D3511	0.9801 	0.0099 	0.0099 	0.0001 	
X_D3512:D3512	0.9801 	0.0099 	0.0099 	0.0001 	
X_D4:D2211	0.9801 	0.0099 	0.0099 	0.0001 	
X_D4:D2216	0.9801 	0.0099 	0.0099 	0.0001 	
X_D4:D2221	0.9801 	0.0099 	0.0099 	0.0001 	
X_D4:D2227	0.9801 	0.0099 	0.0099 	0.0001 	
X_D4:D2231	0.9801 	0.0099 	0.0099 	0.0001 	
X_D4:D2239	0.9801 	0.0099 	0.0099 	0.0001 	
X_D4:D2248	0.9801 	0.0099 	0.0099 	0.0001 	
X_D4:D2249	0.9801 	0.0099 	0.0099 	0.0001 	
X_D4:D2302	0.9801 	0.0099 	0.0099 	0.0001 	
X_D4:D2304	0.9801 	0.0099 	0.0099 	0.0001 	
X_D4:D992304	0.9801 	0.0099 	0.0099 	0.0001 	
X_D4:D2305	0.9801 	0.0099 	0.0099 	0.0001 	
X_D4:D2310	0.9801 	0.0099 	0.0099 	0.0001 	
X_D4:D2312	0.9801 	0.0099 	0.0099 	0.0001 	
X_D4:D2801	0.9801 	0.0099 	0.0099 	0.0001 	
X_D4:D2812	0.9801 	0.0099 	0.0099 	0.0001 	
X_D4:D2814	0.9801 	0.0099 	0.0099 	0.0001 	
X_D4:D99021	0.9801 	0.0099 	0.0099 	0.0001 	
X_D4:D2308	0.9801 	0.0099 	0.0099 	0.0001 	
X_D4:D2301	0.9801 	0.0099 	0.0099 	0.0001 	
X_D4:D2309	0.9801 	0.0099 	0.0099 	0.0001 	
X_D4:D2313	0.9801 	0.0099 	0.0099 	0.0001 	
X_D4:D2314	0.9801 	0.0099 	0.0099 	0.0001 	
X_D5:D2243	0.9801 	0.0099 	0.0099 	0.0001 	
X_D5:D2244	0.9801 	0.0099 	0.0099 	0.0001 	
X_D5:D2245	0.9801 	0.0099 	0.0099 	0.0001 	
X_D5:D2247	0.9801 	0.0099 	0.0099 	0.0001 	
X_D5:D2250	0.9801 	0.0099 	0.0099 	0.0001 	
X_D7:D2401	0.9801 	0.0099 	0.0099 	0.0001 	
X_D7:D2402	0.9801 	0.0099 	0.0099 	0.0001 	
X_D7:D2409	0.9801 	0.0099 	0.0099 	0.0001 	
X_D8:D3201	0.9801 	0.0099 	0.0099 	0.0001 	
X_D8:D3203	0.9801 	0.0099 	0.0099 	0.0001 	
X_D8:D3204	0.9801 	0.0099 	0.0099 	0.0001 	
X_D8:D3207	0.9801 	0.0099 	0.0099 	0.0001 	
X_D8:D3208	0.9801 	0.0099 	0.0099 	0.0001 	
X_D8:D3209	0.9801 	0.0099 	0.0099 	0.0001 	
X_D8:D3212	0.9801 	0.0099 	0.0099 	0.0001 	
X_D3213:D3213	0.9801 	0.0099 	0.0099 	0.0001 	
X_D8:D3214	0.9801 	0.0099 	0.0099 	0.0001 	
X_D8:D99013	0.9801 	0.0099 	0.0099 	0.0001 	
X_D8:D99014	0.9801 	0.0099 	0.0099 	0.0001 	
X_D8:D99016	0.9801 	0.0099 	0.0099 	0.0001 	
X_D8:D99017	0.9801 	0.0099 	0.0099 	0.0001 	
X_D8:D99018	0.9801 	0.0099 	0.0099 	0.0001 	
X_D8:D99019	0.9801 	0.0099 	0.0099 	0.0001 	
X_D8:D99020	0.9801 	0.0099 	0.0099 	0.0001 	
X_D9:D3202	0.9801 	0.0099 	0.0099 	0.0001 	
X_D9:D3210	0.9801 	0.0099 	0.0099 	0.0001 	
X_D9:D993210	0.9801 	0.0099 	0.0099 	0.0001 	
X_D1:D99012	0.9801 	0.0099 	0.0099 	0.0001 	
X_D990123:D0123	0.9801 	0.0099 	0.0099 	0.0001 	
X_D99015:D99015	0.9801 	0.0099 	0.0099 	0.0001 	
X_D990208:D990208	0.9801 	0.0099 	0.0099 	0.0001 	
X_D990222:D0222	0.9801 	0.0099 	0.0099 	0.0001 	
X_D990315:D990315	0.9801 	0.0099 	0.0099 	0.0001 	
X_D990331:D0331	0.9801 	0.0099 	0.0099 	0.0001 	
X_D990502:D990502	0.9801 	0.0099 	0.0099 	0.0001 	
X_D990619:D0619	0.9801 	0.0099 	0.0099 	0.0001 	
X_D990620:D0620	0.9801 	0.0099 	0.0099 	0.0001 	
X_D990621:D0621	0.9801 	0.0099 	0.0099 	0.0001 	
X_D990622:D0622	0.9801 	0.0099 	0.0099 	0.0001 	
X_D990623:D0623	0.9801 	0.0099 	0.0099 	0.0001 	
X_D990628:D0628	0.9801 	0.0099 	0.0099 	0.0001 	
X_D990715:D0715	0.9801 	0.0099 	0.0099 	0.0001 	
X_D990719:D0719	0.9801 	0.0099 	0.0099 	0.0001 	
X_D990720:D0720	0.9801 	0.0099 	0.0099 	0.0001 	
X_D990827:D0827	0.9801 	0.0099 	0.0099 	0.0001 	
X_D99122:D99122	0.9801 	0.0099 	0.0099 	0.0001 	
X_D1:D991303	0.9801 	0.0099 	0.0099 	0.0001 	
X_D1:D991603	0.9801 	0.0099 	0.0099 	0.0001 	
X_D991606:D991606	0.9801 	0.0099 	0.0099 	0.0001 	
X_D1:D991612	0.9801 	0.0099 	0.0099 	0.0001 	
X_D1:D991811	0.9801 	0.0099 	0.0099 	0.0001 	
X_D991904:D991904	0.9801 	0.0099 	0.0099 	0.0001 	
X_D1:D991913	0.9801 	0.0099 	0.0099 	0.0001 	
X_D1:D991924	0.9801 	0.0099 	0.0099 	0.0001 	
X_D10:D993403	0.9801 	0.0099 	0.0099 	0.0001 	
X_N1:N0101	0.9801 	0.0099 	0.0099 	0.0001 	
X_N1:N0102	0.9801 	0.0099 	0.0099 	0.0001 	
X_N1:N0103	0.9801 	0.0099 	0.0099 	0.0001 	
X_N1:N0104	0.9801 	0.0099 	0.0099 	0.0001 	
X_N1:N0105	0.9801 	0.0099 	0.0099 	0.0001 	
X_N1:N0106	0.9801 	0.0099 	0.0099 	0.0001 	
X_N1:N0107	0.9801 	0.0099 	0.0099 	0.0001 	
X_N1:N0108	0.9801 	0.0099 	0.0099 	0.0001 	
X_N1:N0109	0.980409 	0.00959062 	0.00959062 	0.000409375 	
X_N1:N0110	0.980409 	0.00959062 	0.00959062 	0.000409375 	
X_N1:N0111	0.980409 	0.00959062 	0.00959062 	0.000409375 	
X_N1:N0112	0.980409 	0.00959062 	0.00959062 	0.000409375 	
X_N1:N0113	0.9801 	0.0099 	0.0099 	0.0001 	
X_N1:N0114	0.9801 	0.0099 	0.0099 	0.0001 	
X_N1:N0115	0.9801 	0.0099 	0.0099 	0.0001 	
X_N1:N0118	0.9801 	0.0099 	0.0099 	0.0001 	
X_N1:N0120	0.9801 	0.0099 	0.0099 	0.0001 	
X_N1:N0123	0.9801 	0.0099 	0.0099 	0.0001 	
X_N1:N0126	0.9801 	0.0099 	0.0099 	0.0001 	
X_N1:N0127	0.980409 	0.00959062 	0.00959062 	0.000409375 	
X_N1:N0130	0.9801 	0.0099 	0.0099 	0.0001 	
X_N1:N0133	0.9801 	0.0099 	0.0099 	0.0001 	
X_N1:N0135	0.9801 	0.0099 	0.0099 	0.0001 	
X_N1:N0139	0.980719 	0.00928125 	0.00928125 	0.00071875 	
X_N1:N0140	0.980409 	0.00959062 	0.00959062 	0.000409375 	
X_N1:N0144	0.9801 	0.0099 	0.0099 	0.0001 	
X_N1:N0146	0.980719 	0.00928125 	0.00928125 	0.00071875 	
X_N1:N0158	0.9801 	0.0099 	0.0099 	0.0001 	
X_N1:N0160	0.9801 	0.0099 	0.0099 	0.0001 	
X_N1:N0163	0.980409 	0.00959062 	0.00959062 	0.000409375 	
X_N1:N0165	0.980719 	0.00928125 	0.00928125 	0.00071875 	
X_N1:N0166	0.9801 	0.0099 	0.0099 	0.0001 	
X_N1:N0167	0.9801 	0.0099 	0.0099 	0.0001 	
X_N1:N0201	0.9801 	0.0099 	0.0099 	0.0001 	
X_N1:N0202	0.9801 	0.0099 	0.0099 	0.0001 	
X_N1:N0203	0.9801 	0.0099 	0.0099 	0.0001 	
X_N1:N0204	0.9801 	0.0099 	0.0099 	0.0001 	
X_N1:N0205	0.9801 	0.0099 	0.0099 	0.0001 	
X_N1:N0206	0.980719 	0.00928125 	0.00928125 	0.00071875 	
X_N1:N0207	0.9801 	0.0099 	0.0099 	0.0001 	
X_N1:N0208	0.980719 	0.00928125 	0.00928125 	0.00071875 	
X_N1:N0209	0.980719 	0.00928125 	0.00928125 	0.00071875 	
X_N1:N0210	0.9801 	0.0099 	0.0099 	0.0001 	
X_N1:N0213	0.980719 	0.00928125 	0.00928125 	0.00071875 	
X_N1:N0214	0.980719 	0.00928125 	0.00928125 	0.00071875 	
X_N1:N0215	0.980719 	0.00928125 	0.00928125 	0.00071875 	
X_N1:N0301	0.9801 	0.0099 	0.0099 	0.0001 	
X_N1:N0302	0.9801 	0.0099 	0.0099 	0.0001 	
X_N1:N0303	0.9801 	0.0099 	0.0099 	0.0001 	
X_N1:N0304	0.9801 	0.0099 	0.0099 	0.0001 	
X_N1:N0305	0.9801 	0.0099 	0.0099 	0.0001 	
X_N1:N0306	0.9801 	0.0099 	0.0099 	0.0001 	
X_N1:N0307	0.9801 	0.0099 	0.0099 	0.0001 	
X_N1:N0308	0.9801 	0.0099 	0.0099 	0.0001 	
X_N1:N0309	0.9801 	0.0099 	0.0099 	0.0001 	
X_N1:N0310	0.9801 	0.0099 	0.0099 	0.0001 	
X_N1:N0311	0.9801 	0.0099 	0.0099 	0.0001 	
X_N1:N0312	0.9801 	0.0099 	0.0099 	0.0001 	
X_N1:N0315	0.980719 	0.00928125 	0.00928125 	0.00071875 	
X_N1:N0401	0.9801 	0.0099 	0.0099 	0.0001 	
X_N1:N0402	0.9801 	0.0099 	0.0099 	0.0001 	
X_N1:N0403	0.9801 	0.0099 	0.0099 	0.0001 	
X_N1:N0404	0.9801 	0.0099 	0.0099 	0.0001 	
X_N1:N0405	0.9801 	0.0099 	0.0099 	0.0001 	
X_N1:N0406	0.9801 	0.0099 	0.0099 	0.0001 	
X_N1:N0407	0.9801 	0.0099 	0.0099 	0.0001 	
X_N1:N0409	0.9801 	0.0099 	0.0099 	0.0001 	
X_N1:N0411	0.9801 	0.0099 	0.0099 	0.0001 	
X_N1:N0412	0.9801 	0.0099 	0.0099 	0.0001 	
X_N1:N0413	0.9801 	0.0099 	0.0099 	0.0001 	
X_N1:N0414	0.9801 	0.0099 	0.0099 	0.0001 	
X_N1:N0415	0.9801 	0.0099 	0.0099 	0.0001 	
X_N1:N0416	0.9801 	0.0099 	0.0099 	0.0001 	
X_N1:N0417	0.9801 	0.0099 	0.0099 	0.0001 	
X_N1:N0501	0.9801 	0.0099 	0.0099 	0.0001 	
X_N1:N0502	0.9801 	0.0099 	0.0099 	0.0001 	
X_N1:N0503	0.9801 	0.0099 	0.0099 	0.0001 	
X_N1:N0504	0.9801 	0.0099 	0.0099 	0.0001 	
X_N1:N0505	0.9801 	0.0099 	0.0099 	0.0001 	
X_N1:N0506	0.9801 	0.0099 	0.0099 	0.0001 	
X_N1:N0507	0.9801 	0.0099 	0.0099 	0.0001 	
X_N1:N0508	0.9801 	0.0099 	0.0099 	0.0001 	
X_N1:N0509	0.9801 	0.0099 	0.0099 	0.0001 	
X_N1:N0510	0.9801 	0.0099 	0.0099 	0.0001 	
X_N1:N0511	0.9801 	0.0099 	0.0099 	0.0001 	
X_N1:N0512	0.9801 	0.0099 	0.0099 	0.0001 	
X_N1:N0513	0.9801 	0.0099 	0.0099 	0.0001 	
X_N1:N0519	0.9801 	0.0099 	0.0099 	0.0001 	
X_N1:N0521	0.9801 	0.0099 	0.0099 	0.0001 	
X_N1:N0523	0.9801 	0.0099 	0.0099 	0.0001 	
X_N1:N0526	0.9801 	0.0099 	0.0099 	0.0001 	
X_N1:N0528	0.9801 	0.0099 	0.0099 	0.0001 	
X_N1:N0532	0.9801 	0.0099 	0.0099 	0.0001 	
X_N1:N0534	0.9801 	0.0099 	0.0099 	0.0001 	
X_N1:N0535	0.9801 	0.0099 	0.0099 	0.0001 	
X_N1:N0537	0.9801 	0.0099 	0.0099 	0.0001 	
X_N1:N0538	0.9801 	0.0099 	0.0099 	0.0001 	
X_N1:N0539	0.9801 	0.0099 	0.0099 	0.0001 	
X_N1:N0542	0.9801 	0.0099 	0.0099 	0.0001 	
X_N1:N0544	0.9801 	0.0099 	0.0099 	0.0001 	
X_N1:N0545	0.9801 	0.0099 	0.0099 	0.0001 	
X_N1:N0547	0.9801 	0.0099 	0.0099 	0.0001 	
X_N1:N0548	0.9801 	0.0099 	0.0099 	0.0001 	
X_N1:N0549	0.9801 	0.0099 	0.0099 	0.0001 	
X_N1:N0550	0.9801 	0.0099 	0.0099 	0.0001 	
X_N1:N0551	0.9801 	0.0099 	0.0099 	0.0001 	
X_N1:N0552	0.9801 	0.0099 	0.0099 	0.0001 	
X_N1:N0553	0.9801 	0.0099 	0.0099 	0.0001 	
X_N1:N0554	0.9801 	0.0099 	0.0099 	0.0001 	
X_N1:N0601	0.9801 	0.0099 	0.0099 	0.0001 	
X_N1:N0602	0.9801 	0.0099 	0.0099 	0.0001 	
X_N1:N0603	0.9801 	0.0099 	0.0099 	0.0001 	
X_N1:N0604	0.9801 	0.0099 	0.0099 	0.0001 	
X_N1:N0605	0.9801 	0.0099 	0.0099 	0.0001 	
X_N1:N0606	0.9801 	0.0099 	0.0099 	0.0001 	
X_N1:N0607	0.9801 	0.0099 	0.0099 	0.0001 	
X_N1:N0608	0.9801 	0.0099 	0.0099 	0.0001 	
X_N1:N0609	0.9801 	0.0099 	0.0099 	0.0001 	
X_N1:N0610	0.9801 	0.0099 	0.0099 	0.0001 	
X_N1:N0611	0.9801 	0.0099 	0.0099 	0.0001 	
X_N1:N0612	0.9801 	0.0099 	0.0099 	0.0001 	
X_N1:N0617	0.9801 	0.0099 	0.0099 	0.0001 	
X_N1:N0618	0.9801 	0.0099 	0.0099 	0.0001 	
X_N1:N0619	0.9801 	0.0099 	0.0099 	0.0001 	
X_N1:N0620	0.9801 	0.0099 	0.0099 	0.0001 	
X_N1:N0621	0.9801 	0.0099 	0.0099 	0.0001 	
X_N1:N0701	0.9801 	0.0099 	0.0099 	0.0001 	
X_N1:N0702	0.9801 	0.0099 	0.0099 	0.0001 	
X_N1:N0703	0.9801 	0.0099 	0.0099 	0.0001 	
X_N1:N0705	0.9801 	0.0099 	0.0099 	0.0001 	
X_N1:N0706	0.9801 	0.0099 	0.0099 	0.0001 	
X_N1:N0707	0.9801 	0.0099 	0.0099 	0.0001 	
X_N1:N0708	0.9801 	0.0099 	0.0099 	0.0001 	
X_N1:N0709	0.9801 	0.0099 	0.0099 	0.0001 	
X_N1:N0713	0.9801 	0.0099 	0.0099 	0.0001 	
X_N1:N0714	0.9801 	0.0099 	0.0099 	0.0001 	
X_N1:N0715	0.9801 	0.0099 	0.0099 	0.0001 	
X_N1:N0716	0.9801 	0.0099 	0.0099 	0.0001 	
X_N1:N0717	0.9801 	0.0099 	0.0099 	0.0001 	
X_N1:N0720	0.9801 	0.0099 	0.0099 	0.0001 	
X_N1:N0721	0.9801 	0.0099 	0.0099 	0.0001 	
X_N1:N0722	0.9801 	0.0099 	0.0099 	0.0001 	
X_N1:N0723	0.9801 	0.0099 	0.0099 	0.0001 	
X_N1:N0724	0.9801 	0.0099 	0.0099 	0.0001 	
X_N1:N0725	0.9801 	0.0099 	0.0099 	0.0001 	
X_N1:N0726	0.9801 	0.0099 	0.0099 	0.0001 	
X_N1:N0727	0.9801 	0.0099 	0.0099 	0.0001 	
X_N1:N0901	0.9801 	0.0099 	0.0099 	0.0001 	
X_N1:N0902	0.9801 	0.0099 	0.0099 	0.0001 	
X_N1:N0903	0.9801 	0.0099 	0.0099 	0.0001 	
X_N1:N0904	0.9801 	0.0099 	0.0099 	0.0001 	
X_N1:N0905	0.9801 	0.0099 	0.0099 	0.0001 	
X_N1:N0906	0.9801 	0.0099 	0.0099 	0.0001 	
X_N1:N0907	0.9801 	0.0099 	0.0099 	0.0001 	
X_N1:N0909	0.9801 	0.0099 	0.0099 	0.0001 	
X_N1:N0910	0.9801 	0.0099 	0.0099 	0.0001 	
X_N1:N0912	0.9801 	0.0099 	0.0099 	0.0001 	
X_N1:N0913	0.9801 	0.0099 	0.0099 	0.0001 	
X_N1:N0917	0.9801 	0.0099 	0.0099 	0.0001 	
X_N1:N0918	0.9801 	0.0099 	0.0099 	0.0001 	
X_N1:N1001	0.9801 	0.0099 	0.0099 	0.0001 	
X_N1:N1002	0.9801 	0.0099 	0.0099 	0.0001 	
X_N1:N1003	0.9801 	0.0099 	0.0099 	0.0001 	
X_N1:N1004	0.9801 	0.0099 	0.0099 	0.0001 	
X_N1:N1005	0.9801 	0.0099 	0.0099 	0.0001 	
X_N1:N1006	0.9801 	0.0099 	0.0099 	0.0001 	
X_N1:N1007	0.9801 	0.0099 	0.0099 	0.0001 	
X_N1:N1008	0.9801 	0.0099 	0.0099 	0.0001 	
X_N1:N1009	0.9801 	0.0099 	0.0099 	0.0001 	
X_N1:N1010	0.9801 	0.0099 	0.0099 	0.0001 	
X_N1:N1011	0.9801 	0.0099 	0.0099 	0.0001 	
X_N1:N1012	0.9801 	0.0099 	0.0099 	0.0001 	
X_N1:N1013	0.9801 	0.0099 	0.0099 	0.0001 	
X_N1:N1014	0.9801 	0.0099 	0.0099 	0.0001 	
X_N1:N1015	0.9801 	0.0099 	0.0099 	0.0001 	
X_N1:N1016	0.9801 	0.0099 	0.0099 	0.0001 	
X_N1:N1017	0.9801 	0.0099 	0.0099 	0.0001 	
X_N1:N1018	0.9801 	0.0099 	0.0099 	0.0001 	
X_N1:N1019	0.9801 	0.0099 	0.0099 	0.0001 	
X_N1:N1021	0.9801 	0.0099 	0.0099 	0.0001 	
X_N1:N1022	0.9801 	0.0099 	0.0099 	0.0001 	
X_N1:N1023	0.9801 	0.0099 	0.0099 	0.0001 	
X_N1:N1026	0.9801 	0.0099 	0.0099 	0.0001 	
X_N1:N1027	0.9801 	0.0099 	0.0099 	0.0001 	
X_N1:N1028	0.9801 	0.0099 	0.0099 	0.0001 	
X_N1:N1030	0.9801 	0.0099 	0.0099 	0.0001 	
X_N1:N1031	0.9801 	0.0099 	0.0099 	0.0001 	
X_N1:N1032	0.9801 	0.0099 	0.0099 	0.0001 	
X_N1:N1033	0.9801 	0.0099 	0.0099 	0.0001 	
X_N1:N1038	0.9801 	0.0099 	0.0099 	0.0001 	
X_N1:N1039	0.9801 	0.0099 	0.0099 	0.0001 	
X_N1:N1040	0.9801 	0.0099 	0.0099 	0.0001 	
X_N1:N1041	0.9801 	0.0099 	0.0099 	0.0001 	
X_N1:N1042	0.9801 	0.0099 	0.0099 	0.0001 	
X_N1:N1043	0.9801 	0.0099 	0.0099 	0.0001 	
X_N1:N1044	0.9801 	0.0099 	0.0099 	0.0001 	
X_N1:N1046	0.9801 	0.0099 	0.0099 	0.0001 	
X_N1:N1047	0.9801 	0.0099 	0.0099 	0.0001 	
X_N1:N1049	0.9801 	0.0099 	0.0099 	0.0001 	
X_N1:N1050	0.9801 	0.0099 	0.0099 	0.0001 	
X_N1:N1051	0.9801 	0.0099 	0.0099 	0.0001 	
X_N1:N1052	0.980409 	0.00959062 	0.00959062 	0.000409375 	
X_N1:N1055	0.9801 	0.0099 	0.0099 	0.0001 	
X_N1:N1056	0.9801 	0.0099 	0.0099 	0.0001 	
X_N1:N1057	0.9801 	0.0099 	0.0099 	0.0001 	
X_N1:N1058	0.9801 	0.0099 	0.0099 	0.0001 	
X_N1:N1059	0.9801 	0.0099 	0.0099 	0.0001 	
X_N1:N1061	0.9801 	0.0099 	0.0099 	0.0001 	
X_N1:N1062	0.9801 	0.0099 	0.0099 	0.0001 	
X_N1:N1063	0.9801 	0.0099 	0.0099 	0.0001 	
X_N1:N1064	0.9801 	0.0099 	0.0099 	0.0001 	
X_N1:N1065	0.980409 	0.00959062 	0.00959062 	0.000409375 	
X_N1:N1066	0.9801 	0.0099 	0.0099 	0.0001 	
X_N1:N1067	0.9801 	0.0099 	0.0099 	0.0001 	
X_N1:N1068	0.9801 	0.0099 	0.0099 	0.0001 	
X_N1:N1069	0.9801 	0.0099 	0.0099 	0.0001 	
X_N1:N1070	0.9801 	0.0099 	0.0099 	0.0001 	
X_N1:N1071	0.9801 	0.0099 	0.0099 	0.0001 	
X_N1:N1072	0.980409 	0.00959062 	0.00959062 	0.000409375 	
X_N1:N1073	0.9801 	0.0099 	0.0099 	0.0001 	
X_N1:N1074	0.9801 	0.0099 	0.0099 	0.0001 	
X_N1:N1075	0.9801 	0.0099 	0.0099 	0.0001 	
X_N1:N1076	0.9801 	0.0099 	0.0099 	0.0001 	
X_N1:N1077	0.9801 	0.0099 	0.0099 	0.0001 	
X_N1:N1078	0.9801 	0.0099 	0.0099 	0.0001 	
X_N1:N1079	0.9801 	0.0099 	0.0099 	0.0001 	
X_N1:N1081	0.9801 	0.0099 	0.0099 	0.0001 	
X_N1:N1082	0.9801 	0.0099 	0.0099 	0.0001 	
X_N1:N1083	0.9801 	0.0099 	0.0099 	0.0001 	
X_N1:N1084	0.9801 	0.0099 	0.0099 	0.0001 	
X_N1:N1085	0.9801 	0.0099 	0.0099 	0.0001 	
X_N1:N1086	0.9801 	0.0099 	0.0099 	0.0001 	
X_N1:N1101	0.9801 	0.0099 	0.0099 	0.0001 	
X_N1:N1102	0.9801 	0.0099 	0.0099 	0.0001 	
X_N1:N1103	0.9801 	0.0099 	0.0099 	0.0001 	
X_N1:N1104	0.9801 	0.0099 	0.0099 	0.0001 	
X_N1:N1105	0.9801 	0.0099 	0.0099 	0.0001 	
X_N1:N1108	0.9801 	0.0099 	0.0099 	0.0001 	
X_N1:N1109	0.9801 	0.0099 	0.0099 	0.0001 	
X_N1:N1110	0.9801 	0.0099 	0.0099 	0.0001 	
X_N1:N1111	0.9801 	0.0099 	0.0099 	0.0001 	
X_N1:N1112	0.9801 	0.0099 	0.0099 	0.0001 	
X_N1114:N1114	0.9801 	0.0099 	0.0099 	0.0001 	
X_N1:N1115	0.9801 	0.0099 	0.0099 	0.0001 	
X_N1:N1116	0.9801 	0.0099 	0.0099 	0.0001 	
X_N1:N1117	0.9801 	0.0099 	0.0099 	0.0001 	
X_N1:N1118	0.9801 	0.0099 	0.0099 	0.0001 	
X_N1:N1120	0.9801 	0.0099 	0.0099 	0.0001 	
X_N1:N1121	0.9801 	0.0099 	0.0099 	0.0001 	
X_N1:N1123	0.9801 	0.0099 	0.0099 	0.0001 	
X_N1:N1124	0.9801 	0.0099 	0.0099 	0.0001 	
X_N1:N1125	0.9801 	0.0099 	0.0099 	0.0001 	
X_N1:N1126	0.982575 	0.007425 	0.007425 	0.002575 	
X_N1:N1127	0.9801 	0.0099 	0.0099 	0.0001 	
X_N1:N1128	0.9801 	0.0099 	0.0099 	0.0001 	
X_N1:N1501	0.9801 	0.0099 	0.0099 	0.0001 	
X_N1:N1502	0.9801 	0.0099 	0.0099 	0.0001 	
X_N1:N1503	0.9801 	0.0099 	0.0099 	0.0001 	
X_N1:N1504	0.9801 	0.0099 	0.0099 	0.0001 	
X_N1:N1505	0.9801 	0.0099 	0.0099 	0.0001 	
X_N1:N1507	0.9801 	0.0099 	0.0099 	0.0001 	
X_N1:N1508	0.9801 	0.0099 	0.0099 	0.0001 	
X_N1:N1601	0.9801 	0.0099 	0.0099 	0.0001 	
X_N1:N1602	0.9801 	0.0099 	0.0099 	0.0001 	
X_N1:N1604	0.9801 	0.0099 	0.0099 	0.0001 	
X_N1:N1608	0.9801 	0.0099 	0.0099 	0.0001 	
X_N1:N1609	0.9801 	0.0099 	0.0099 	0.0001 	
X_N1:N1610	0.9801 	0.0099 	0.0099 	0.0001 	
X_N1:N1611	0.9801 	0.0099 	0.0099 	0.0001 	
X_N1:N1612	0.9801 	0.0099 	0.0099 	0.0001 	
X_N1:N1613	0.9801 	0.0099 	0.0099 	0.0001 	
X_N1:N1614	0.9801 	0.0099 	0.0099 	0.0001 	
X_N1:N1618	0.9801 	0.0099 	0.0099 	0.0001 	
X_N1:N1619	0.9801 	0.0099 	0.0099 	0.0001 	
X_N1:N1624	0.9801 	0.0099 	0.0099 	0.0001 	
X_N1:N1625	0.9801 	0.0099 	0.0099 	0.0001 	
X_N1:N1628	0.9801 	0.0099 	0.0099 	0.0001 	
X_N1:N1630	0.9801 	0.0099 	0.0099 	0.0001 	
X_N1:N1631	0.9801 	0.0099 	0.0099 	0.0001 	
X_N1:N1634	0.9801 	0.0099 	0.0099 	0.0001 	
X_N1:N1636	0.9801 	0.0099 	0.0099 	0.0001 	
X_N1:N1637	0.9801 	0.0099 	0.0099 	0.0001 	
X_N1:N1638	0.9801 	0.0099 	0.0099 	0.0001 	
X_N1:N1803	0.9801 	0.0099 	0.0099 	0.0001 	
X_N1:N1901	0.9801 	0.0099 	0.0099 	0.0001 	
X_N1:N1902	0.9801 	0.0099 	0.0099 	0.0001 	
X_N1:N1903	0.9801 	0.0099 	0.0099 	0.0001 	
X_N1:N1904	0.9801 	0.0099 	0.0099 	0.0001 	
X_N1:N1905	0.9801 	0.0099 	0.0099 	0.0001 	
X_N1:N1906	0.9801 	0.0099 	0.0099 	0.0001 	
X_N1:N1907	0.9801 	0.0099 	0.0099 	0.0001 	
X_N1:N1908	0.9801 	0.0099 	0.0099 	0.0001 	
X_N1:N1909	0.9801 	0.0099 	0.0099 	0.0001 	
X_N1:N1910	0.9801 	0.0099 	0.0099 	0.0001 	
X_N1:N1911	0.9801 	0.0099 	0.0099 	0.0001 	
X_N1:N1913	0.9801 	0.0099 	0.0099 	0.0001 	
X_N1:N1914	0.9801 	0.0099 	0.0099 	0.0001 	
X_N1:N1915	0.9801 	0.0099 	0.0099 	0.0001 	
X_N1:N1916	0.9801 	0.0099 	0.0099 	0.0001 	
X_N1:N1917	0.9801 	0.0099 	0.0099 	0.0001 	
X_N1:N1918	0.9801 	0.0099 	0.0099 	0.0001 	
X_N1:N1919	0.9801 	0.0099 	0.0099 	0.0001 	
X_N1:N1920	0.9801 	0.0099 	0.0099 	0.0001 	
X_N1:N1921	0.9801 	0.0099 	0.0099 	0.0001 	
X_N1:N1922	0.9801 	0.0099 	0.0099 	0.0001 	
X_N1:N1925	0.9801 	0.0099 	0.0099 	0.0001 	
X_N1:N1928	0.9801 	0.0099 	0.0099 	0.0001 	
X_N1:N1934	0.9801 	0.0099 	0.0099 	0.0001 	
X_N1:N1937	0.9801 	0.0099 	0.0099 	0.0001 	
X_N1:N1938	0.9801 	0.0099 	0.0099 	0.0001 	
X_N1:N1941	0.9801 	0.0099 	0.0099 	0.0001 	
X_N1:N1942	0.9801 	0.0099 	0.0099 	0.0001 	
X_N1:N1943	0.9801 	0.0099 	0.0099 	0.0001 	
X_N1:N1944	0.9801 	0.0099 	0.0099 	0.0001 	
X_D1:D901931	0.9801 	0.0099 	0.0099 	0.0001 	
X_D1:D902233	0.9801 	0.0099 	0.0099 	0.0001 	
X_N1:N50417	0.9801 	0.0099 	0.0099 	0.0001 	
X_N6:N50824	0.9801 	0.0099 	0.0099 	0.0001 	
X_N6:N50826	0.9801 	0.0099 	0.0099 	0.0001 	
X_N1:N501962	0.9801 	0.0099 	0.0099 	0.0001 	
X_D991313:D991313	0.9801 	0.0099 	0.0099 	0.0001 	
X_N1:N50549	0.9801 	0.0099 	0.0099 	0.0001 	
X_N1:N501078	0.9801 	0.0099 	0.0099 	0.0001 	
X_D1:D99203	0.9801 	0.0099 	0.0099 	0.0001 	
X_D1:D99315	0.9801 	0.0099 	0.0099 	0.0001 	
X_D1:D99502	0.9801 	0.0099 	0.0099 	0.0001 	
X_D1:D99907	0.9801 	0.0099 	0.0099 	0.0001 	
X_D1:D991925	0.9801 	0.0099 	0.0099 	0.0001 	
X_N10:N501403	0.9801 	0.0099 	0.0099 	0.0001 	
